<?xml version="1.0" encoding="UTF-8"?>
<robot generator="Robot 2.9 (Jython 2.7.0 on java1.8.0_71)" generated="20160211 15:10:16.941">
<suite source="C:\Users\Barry\CS310\ArgParse\acceptance\ArgParserTest.txt" name="ArgParserTest" id="s1">
<test name="Test Volume Calculator Normal Function" id="s1-t1">
<kw library="ArgParserKeywords" name="Start Volume Calculator With Arguments">
<arguments>
<arg>7</arg>
<arg>5</arg>
<arg>2</arg>
</arguments>
<status endtime="20160211 15:10:17.525" starttime="20160211 15:10:17.514" status="PASS"></status>
</kw>
<kw library="ArgParserKeywords" name="Get Length">
<assign>
<var>${length}</var>
</assign>
<msg level="WARN" timestamp="20160211 15:10:17.528">Keyword 'Get Length' found both from a custom test library 'ArgParserKeywords' and a standard library 'BuiltIn'. The custom keyword is used. To select explicitly, and to get rid of this warning, use either 'ArgParserKeywords.Get Length' or 'BuiltIn.Get Length'.</msg>
<msg level="INFO" timestamp="20160211 15:10:17.544">${length} = 7</msg>
<status endtime="20160211 15:10:17.546" starttime="20160211 15:10:17.529" status="PASS"></status>
</kw>
<kw library="BuiltIn" name="Should Be Equal">
<doc>Fails if the given objects are unequal.</doc>
<arguments>
<arg>7</arg>
<arg>${length}</arg>
</arguments>
<status endtime="20160211 15:10:17.561" starttime="20160211 15:10:17.549" status="PASS"></status>
</kw>
<kw library="ArgParserKeywords" name="Get Width">
<assign>
<var>${width}</var>
</assign>
<msg level="INFO" timestamp="20160211 15:10:17.577">${width} = 5</msg>
<status endtime="20160211 15:10:17.578" starttime="20160211 15:10:17.566" status="PASS"></status>
</kw>
<kw library="BuiltIn" name="Should Be Equal">
<doc>Fails if the given objects are unequal.</doc>
<arguments>
<arg>5</arg>
<arg>${width}</arg>
</arguments>
<status endtime="20160211 15:10:17.593" starttime="20160211 15:10:17.583" status="PASS"></status>
</kw>
<kw library="ArgParserKeywords" name="Get Height">
<assign>
<var>${height}</var>
</assign>
<msg level="INFO" timestamp="20160211 15:10:17.606">${height} = 2</msg>
<status endtime="20160211 15:10:17.607" starttime="20160211 15:10:17.598" status="PASS"></status>
</kw>
<kw library="BuiltIn" name="Should Be Equal">
<doc>Fails if the given objects are unequal.</doc>
<arguments>
<arg>2</arg>
<arg>${height}</arg>
</arguments>
<status endtime="20160211 15:10:17.617" starttime="20160211 15:10:17.611" status="PASS"></status>
</kw>
<kw library="ArgParserKeywords" name="Get Program Output">
<assign>
<var>${output}</var>
</assign>
<msg level="INFO" timestamp="20160211 15:10:17.629">${output} = 70</msg>
<status endtime="20160211 15:10:17.630" starttime="20160211 15:10:17.623" status="PASS"></status>
</kw>
<kw library="BuiltIn" name="Should Be Equal">
<doc>Fails if the given objects are unequal.</doc>
<arguments>
<arg>${output}</arg>
<arg>70</arg>
</arguments>
<status endtime="20160211 15:10:17.645" starttime="20160211 15:10:17.634" status="PASS"></status>
</kw>
<status critical="yes" endtime="20160211 15:10:17.648" starttime="20160211 15:10:17.508" status="PASS"></status>
</test>
<test name="Test Unrecognized Argument" id="s1-t2">
<kw library="ArgParserKeywords" name="Start Volume Calculator With Arguments">
<arguments>
<arg>7</arg>
<arg>5</arg>
<arg>2</arg>
<arg>43</arg>
</arguments>
<status endtime="20160211 15:10:17.679" starttime="20160211 15:10:17.670" status="PASS"></status>
</kw>
<kw library="ArgParserKeywords" name="Get Program Output">
<assign>
<var>${output}</var>
</assign>
<msg level="INFO" timestamp="20160211 15:10:17.686">${output} = usage: java VolumeCalculator length width height
VolumeCalculator.java: error: unrecognized arguments: 43</msg>
<status endtime="20160211 15:10:17.689" starttime="20160211 15:10:17.682" status="PASS"></status>
</kw>
<kw library="BuiltIn" name="Should Be Equal">
<doc>Fails if the given objects are unequal.</doc>
<arguments>
<arg>${expected}</arg>
<arg>${output}</arg>
</arguments>
<status endtime="20160211 15:10:17.702" starttime="20160211 15:10:17.693" status="PASS"></status>
</kw>
<status critical="yes" endtime="20160211 15:10:17.706" starttime="20160211 15:10:17.661" status="PASS"></status>
</test>
<test name="Test Absurd Program Normal Function" id="s1-t3">
<kw library="ArgParserKeywords" name="Start Absurd Program With Arguments">
<arguments>
<arg>dog</arg>
<arg>2</arg>
<arg>true</arg>
<arg>3.5</arg>
</arguments>
<status endtime="20160211 15:10:17.733" starttime="20160211 15:10:17.727" status="PASS"></status>
</kw>
<kw library="ArgParserKeywords" name="Get Pet">
<assign>
<var>${pet}</var>
</assign>
<msg level="INFO" timestamp="20160211 15:10:17.744">${pet} = dog</msg>
<status endtime="20160211 15:10:17.745" starttime="20160211 15:10:17.738" status="PASS"></status>
</kw>
<kw library="BuiltIn" name="Should Be Equal">
<doc>Fails if the given objects are unequal.</doc>
<arguments>
<arg>dog</arg>
<arg>${pet}</arg>
</arguments>
<status endtime="20160211 15:10:17.757" starttime="20160211 15:10:17.748" status="PASS"></status>
</kw>
<kw library="ArgParserKeywords" name="Get Number">
<assign>
<var>${number}</var>
</assign>
<msg level="INFO" timestamp="20160211 15:10:17.764">${number} = 2</msg>
<status endtime="20160211 15:10:17.765" starttime="20160211 15:10:17.760" status="PASS"></status>
</kw>
<kw library="BuiltIn" name="Should Be Equal">
<doc>Fails if the given objects are unequal.</doc>
<arguments>
<arg>2</arg>
<arg>${number}</arg>
</arguments>
<status endtime="20160211 15:10:17.774" starttime="20160211 15:10:17.767" status="PASS"></status>
</kw>
<kw library="ArgParserKeywords" name="Get Rainy">
<assign>
<var>${rainy}</var>
</assign>
<msg level="INFO" timestamp="20160211 15:10:17.781">${rainy} = true</msg>
<status endtime="20160211 15:10:17.782" starttime="20160211 15:10:17.777" status="PASS"></status>
</kw>
<kw library="BuiltIn" name="Should Be Equal">
<doc>Fails if the given objects are unequal.</doc>
<arguments>
<arg>true</arg>
<arg>${rainy}</arg>
</arguments>
<status endtime="20160211 15:10:17.794" starttime="20160211 15:10:17.785" status="PASS"></status>
</kw>
<kw library="ArgParserKeywords" name="Get Bathrooms">
<assign>
<var>${bathrooms}</var>
</assign>
<msg level="INFO" timestamp="20160211 15:10:17.802">${bathrooms} = 3.5</msg>
<status endtime="20160211 15:10:17.805" starttime="20160211 15:10:17.797" status="PASS"></status>
</kw>
<kw library="BuiltIn" name="Should Be Equal">
<doc>Fails if the given objects are unequal.</doc>
<arguments>
<arg>3.5</arg>
<arg>${bathrooms}</arg>
</arguments>
<status endtime="20160211 15:10:17.822" starttime="20160211 15:10:17.810" status="PASS"></status>
</kw>
<status critical="yes" endtime="20160211 15:10:17.830" starttime="20160211 15:10:17.717" status="PASS"></status>
</test>
<test name="Test Usage Message" id="s1-t4">
<kw library="ArgParserKeywords" name="Start Program With Arguments">
<arguments>
<arg>-h</arg>
</arguments>
<status endtime="20160211 15:10:17.856" starttime="20160211 15:10:17.848" status="PASS"></status>
</kw>
<kw library="ArgParserKeywords" name="Get Program Output">
<assign>
<var>${output}</var>
</assign>
<msg level="INFO" timestamp="20160211 15:10:17.865">${output} = ption: -1</msg>
<status endtime="20160211 15:10:17.866" starttime="20160211 15:10:17.860" status="PASS"></status>
</kw>
<kw library="BuiltIn" name="Should Be Equal">
<doc>Fails if the given objects are unequal.</doc>
<arguments>
<arg>${expected}</arg>
<arg>${output}</arg>
</arguments>
<msg level="FAIL" timestamp="20160211 15:10:17.884">usage: java VolumeCalculator length width height
VolumeCalculator.java: error: unrecognized arguments: 43 != ption: -1</msg>
<status endtime="20160211 15:10:17.888" starttime="20160211 15:10:17.872" status="FAIL"></status>
</kw>
<status critical="yes" endtime="20160211 15:10:17.892" starttime="20160211 15:10:17.842" status="FAIL">usage: java VolumeCalculator length width height
VolumeCalculator.java: error: unrecognized arguments: 43 != ption: -1</status>
</test>
<status endtime="20160211 15:10:17.919" starttime="20160211 15:10:16.960" status="FAIL"></status>
</suite>
<statistics>
<total>
<stat pass="3" fail="1">Critical Tests</stat>
<stat pass="3" fail="1">All Tests</stat>
</total>
<tag>
</tag>
<suite>
<stat pass="3" fail="1" name="ArgParserTest" id="s1">ArgParserTest</stat>
</suite>
</statistics>
<errors>
<msg level="WARN" timestamp="20160211 15:10:17.528">Keyword 'Get Length' found both from a custom test library 'ArgParserKeywords' and a standard library 'BuiltIn'. The custom keyword is used. To select explicitly, and to get rid of this warning, use either 'ArgParserKeywords.Get Length' or 'BuiltIn.Get Length'.</msg>
</errors>
</robot>
