<?xml version="1.0" encoding="UTF-8"?>
<robot generator="Robot 2.9 (Jython 2.7.0 on java1.8.0_60)" generated="20160316 12:33:20.204">
<suite source="C:\Users\Owner\Desktop\CS310\ArgParse\ArgParse\ArgParse\acceptance\ArgParserTest.txt" name="ArgParserTest" id="s1">
<test name="Test Volume Calculator Normal Function" id="s1-t1">
<kw library="ArgParserKeywords" name="Start Volume Calculator With Arguments">
<arguments>
<arg>7</arg>
<arg>5</arg>
<arg>2</arg>
</arguments>
<status endtime="20160316 12:33:21.171" starttime="20160316 12:33:21.155" status="PASS"></status>
</kw>
<kw library="ArgParserKeywords" name="Get Length">
<assign>
<var>${length}</var>
</assign>
<msg level="WARN" timestamp="20160316 12:33:21.186">Keyword 'Get Length' found both from a custom test library 'ArgParserKeywords' and a standard library 'BuiltIn'. The custom keyword is used. To select explicitly, and to get rid of this warning, use either 'ArgParserKeywords.Get Length' or 'BuiltIn.Get Length'.</msg>
<msg level="INFO" timestamp="20160316 12:33:21.186">${length} = 7</msg>
<status endtime="20160316 12:33:21.186" starttime="20160316 12:33:21.186" status="PASS"></status>
</kw>
<kw library="BuiltIn" name="Should Be Equal">
<doc>Fails if the given objects are unequal.</doc>
<arguments>
<arg>7</arg>
<arg>${length}</arg>
</arguments>
<status endtime="20160316 12:33:21.202" starttime="20160316 12:33:21.202" status="PASS"></status>
</kw>
<kw library="ArgParserKeywords" name="Get Width">
<assign>
<var>${width}</var>
</assign>
<msg level="INFO" timestamp="20160316 12:33:21.218">${width} = 5</msg>
<status endtime="20160316 12:33:21.218" starttime="20160316 12:33:21.218" status="PASS"></status>
</kw>
<kw library="BuiltIn" name="Should Be Equal">
<doc>Fails if the given objects are unequal.</doc>
<arguments>
<arg>5</arg>
<arg>${width}</arg>
</arguments>
<status endtime="20160316 12:33:21.233" starttime="20160316 12:33:21.218" status="PASS"></status>
</kw>
<kw library="ArgParserKeywords" name="Get Height">
<assign>
<var>${height}</var>
</assign>
<msg level="INFO" timestamp="20160316 12:33:21.249">${height} = 2</msg>
<status endtime="20160316 12:33:21.249" starttime="20160316 12:33:21.233" status="PASS"></status>
</kw>
<kw library="BuiltIn" name="Should Be Equal">
<doc>Fails if the given objects are unequal.</doc>
<arguments>
<arg>2</arg>
<arg>${height}</arg>
</arguments>
<status endtime="20160316 12:33:21.249" starttime="20160316 12:33:21.249" status="PASS"></status>
</kw>
<kw library="ArgParserKeywords" name="Get Program Output">
<assign>
<var>${output}</var>
</assign>
<msg level="INFO" timestamp="20160316 12:33:21.264">${output} = 70</msg>
<status endtime="20160316 12:33:21.264" starttime="20160316 12:33:21.264" status="PASS"></status>
</kw>
<kw library="BuiltIn" name="Should Be Equal">
<doc>Fails if the given objects are unequal.</doc>
<arguments>
<arg>${output}</arg>
<arg>70</arg>
</arguments>
<status endtime="20160316 12:33:21.280" starttime="20160316 12:33:21.264" status="PASS"></status>
</kw>
<status critical="yes" endtime="20160316 12:33:21.280" starttime="20160316 12:33:21.155" status="PASS"></status>
</test>
<test name="Test Unrecognized Argument" id="s1-t2">
<kw library="ArgParserKeywords" name="Start Volume Calculator With Arguments">
<arguments>
<arg>7</arg>
<arg>5</arg>
<arg>2</arg>
<arg>43</arg>
</arguments>
<status endtime="20160316 12:33:21.311" starttime="20160316 12:33:21.296" status="PASS"></status>
</kw>
<kw library="ArgParserKeywords" name="Get Program Output">
<assign>
<var>${output}</var>
</assign>
<msg level="INFO" timestamp="20160316 12:33:21.311">${output} = usage: java VolumeCalculator length width height
VolumeCalculator.java: error: unrecognized arguments: 43</msg>
<status endtime="20160316 12:33:21.311" starttime="20160316 12:33:21.311" status="PASS"></status>
</kw>
<kw library="BuiltIn" name="Should Be Equal">
<doc>Fails if the given objects are unequal.</doc>
<arguments>
<arg>${expected}</arg>
<arg>${output}</arg>
</arguments>
<status endtime="20160316 12:33:21.327" starttime="20160316 12:33:21.327" status="PASS"></status>
</kw>
<status critical="yes" endtime="20160316 12:33:21.327" starttime="20160316 12:33:21.296" status="PASS"></status>
</test>
<test name="Test Absurd Program Normal Function" id="s1-t3">
<kw library="ArgParserKeywords" name="Start Absurd Program With Arguments">
<arguments>
<arg>dog</arg>
<arg>2</arg>
<arg>true</arg>
<arg>3.5</arg>
</arguments>
<status endtime="20160316 12:33:21.358" starttime="20160316 12:33:21.342" status="PASS"></status>
</kw>
<kw library="ArgParserKeywords" name="Get Pet">
<assign>
<var>${pet}</var>
</assign>
<msg level="INFO" timestamp="20160316 12:33:21.358">${pet} = dog</msg>
<status endtime="20160316 12:33:21.374" starttime="20160316 12:33:21.358" status="PASS"></status>
</kw>
<kw library="BuiltIn" name="Should Be Equal">
<doc>Fails if the given objects are unequal.</doc>
<arguments>
<arg>dog</arg>
<arg>${pet}</arg>
</arguments>
<status endtime="20160316 12:33:21.374" starttime="20160316 12:33:21.374" status="PASS"></status>
</kw>
<kw library="ArgParserKeywords" name="Get Number">
<assign>
<var>${number}</var>
</assign>
<msg level="INFO" timestamp="20160316 12:33:21.389">${number} = 2</msg>
<status endtime="20160316 12:33:21.389" starttime="20160316 12:33:21.389" status="PASS"></status>
</kw>
<kw library="BuiltIn" name="Should Be Equal">
<doc>Fails if the given objects are unequal.</doc>
<arguments>
<arg>2</arg>
<arg>${number}</arg>
</arguments>
<status endtime="20160316 12:33:21.405" starttime="20160316 12:33:21.389" status="PASS"></status>
</kw>
<kw library="ArgParserKeywords" name="Get Rainy">
<assign>
<var>${rainy}</var>
</assign>
<msg level="INFO" timestamp="20160316 12:33:21.420">${rainy} = true</msg>
<status endtime="20160316 12:33:21.420" starttime="20160316 12:33:21.405" status="PASS"></status>
</kw>
<kw library="BuiltIn" name="Should Be Equal">
<doc>Fails if the given objects are unequal.</doc>
<arguments>
<arg>true</arg>
<arg>${rainy}</arg>
</arguments>
<status endtime="20160316 12:33:21.436" starttime="20160316 12:33:21.420" status="PASS"></status>
</kw>
<kw library="ArgParserKeywords" name="Get Bathrooms">
<assign>
<var>${bathrooms}</var>
</assign>
<msg level="INFO" timestamp="20160316 12:33:21.436">${bathrooms} = 3.5</msg>
<status endtime="20160316 12:33:21.436" starttime="20160316 12:33:21.436" status="PASS"></status>
</kw>
<kw library="BuiltIn" name="Should Be Equal">
<doc>Fails if the given objects are unequal.</doc>
<arguments>
<arg>3.5</arg>
<arg>${bathrooms}</arg>
</arguments>
<status endtime="20160316 12:33:21.452" starttime="20160316 12:33:21.452" status="PASS"></status>
</kw>
<status critical="yes" endtime="20160316 12:33:21.452" starttime="20160316 12:33:21.342" status="PASS"></status>
</test>
<test name="Test Usage Message" id="s1-t4">
<kw library="ArgParserKeywords" name="Start Program With Arguments">
<arguments>
<arg>-h</arg>
</arguments>
<status endtime="20160316 12:33:21.483" starttime="20160316 12:33:21.467" status="PASS"></status>
</kw>
<kw library="ArgParserKeywords" name="Get Program Output">
<assign>
<var>${output}</var>
</assign>
<msg level="INFO" timestamp="20160316 12:33:21.498">${output} = usage: java VolumeCalculator length width height
Calculate the volume of a box.
positional arguments:
length the length of the box (float)
width the width of the box (float)
height the height of the b...</msg>
<status endtime="20160316 12:33:21.498" starttime="20160316 12:33:21.483" status="PASS"></status>
</kw>
<kw library="BuiltIn" name="Should Be Equal">
<doc>Fails if the given objects are unequal.</doc>
<arguments>
<arg>${expectedB}</arg>
<arg>${output}</arg>
</arguments>
<status endtime="20160316 12:33:21.514" starttime="20160316 12:33:21.498" status="PASS"></status>
</kw>
<status critical="yes" endtime="20160316 12:33:21.514" starttime="20160316 12:33:21.467" status="PASS"></status>
</test>
<test name="Test Incorrect Datatype Message" id="s1-t5">
<kw library="ArgParserKeywords" name="Start Program With Arguments">
<arguments>
<arg>7</arg>
<arg>something</arg>
<arg>2</arg>
</arguments>
<status endtime="20160316 12:33:21.545" starttime="20160316 12:33:21.530" status="PASS"></status>
</kw>
<kw library="ArgParserKeywords" name="Get Program Output">
<assign>
<var>${output}</var>
</assign>
<msg level="INFO" timestamp="20160316 12:33:21.545">${output} = usage: java VolumeCalculator length width height
VolumeCalculator.java: error: argument width: invalid float value: something</msg>
<status endtime="20160316 12:33:21.545" starttime="20160316 12:33:21.545" status="PASS"></status>
</kw>
<kw library="BuiltIn" name="Should Be Equal">
<doc>Fails if the given objects are unequal.</doc>
<arguments>
<arg>${expectedC}</arg>
<arg>${output}</arg>
</arguments>
<status endtime="20160316 12:33:21.561" starttime="20160316 12:33:21.561" status="PASS"></status>
</kw>
<status critical="yes" endtime="20160316 12:33:21.561" starttime="20160316 12:33:21.514" status="PASS"></status>
</test>
<test name="Test Named Argument Defaults" id="s1-t6">
<kw library="ArgParserKeywords" name="Start Volume Calcuator With Arguments">
<arguments>
<arg>7</arg>
<arg>3</arg>
<arg>2</arg>
</arguments>
<status endtime="20160316 12:33:21.592" starttime="20160316 12:33:21.592" status="PASS"></status>
</kw>
<kw library="ArgParserKeywords" name="Get Length">
<assign>
<var>${length}</var>
</assign>
<msg level="WARN" timestamp="20160316 12:33:21.186">Keyword 'Get Length' found both from a custom test library 'ArgParserKeywords' and a standard library 'BuiltIn'. The custom keyword is used. To select explicitly, and to get rid of this warning, use either 'ArgParserKeywords.Get Length' or 'BuiltIn.Get Length'.</msg>
<msg level="WARN" timestamp="20160316 12:33:21.592">Keyword 'Get Length' found both from a custom test library 'ArgParserKeywords' and a standard library 'BuiltIn'. The custom keyword is used. To select explicitly, and to get rid of this warning, use either 'ArgParserKeywords.Get Length' or 'BuiltIn.Get Length'.</msg>
<msg level="INFO" timestamp="20160316 12:33:21.608">${length} = 7</msg>
<status endtime="20160316 12:33:21.608" starttime="20160316 12:33:21.592" status="PASS"></status>
</kw>
<kw library="BuiltIn" name="Should Be Equal">
<doc>Fails if the given objects are unequal.</doc>
<arguments>
<arg>7</arg>
<arg>${length}</arg>
</arguments>
<status endtime="20160316 12:33:21.623" starttime="20160316 12:33:21.623" status="PASS"></status>
</kw>
<kw library="ArgParserKeywords" name="Get Width">
<assign>
<var>${width}</var>
</assign>
<msg level="INFO" timestamp="20160316 12:33:21.639">${width} = 3</msg>
<status endtime="20160316 12:33:21.639" starttime="20160316 12:33:21.623" status="PASS"></status>
</kw>
<kw library="BuiltIn" name="Should Be Equal">
<doc>Fails if the given objects are unequal.</doc>
<arguments>
<arg>3</arg>
<arg>${width}</arg>
</arguments>
<status endtime="20160316 12:33:21.654" starttime="20160316 12:33:21.639" status="PASS"></status>
</kw>
<kw library="ArgParserKeywords" name="Get Height">
<assign>
<var>${height}</var>
</assign>
<msg level="INFO" timestamp="20160316 12:33:21.654">${height} = 2</msg>
<status endtime="20160316 12:33:21.654" starttime="20160316 12:33:21.654" status="PASS"></status>
</kw>
<kw library="BuiltIn" name="Should Be Equal">
<doc>Fails if the given objects are unequal.</doc>
<arguments>
<arg>2</arg>
<arg>${height}</arg>
</arguments>
<status endtime="20160316 12:33:21.670" starttime="20160316 12:33:21.670" status="PASS"></status>
</kw>
<kw library="ArgParserKeywords" name="Get Type">
<assign>
<var>${type}</var>
</assign>
<msg level="INFO" timestamp="20160316 12:33:21.686">${type} = box</msg>
<status endtime="20160316 12:33:21.686" starttime="20160316 12:33:21.670" status="PASS"></status>
</kw>
<kw library="BuiltIn" name="Should Be Equal">
<doc>Fails if the given objects are unequal.</doc>
<arguments>
<arg>box</arg>
<arg>${type}</arg>
</arguments>
<status endtime="20160316 12:33:21.701" starttime="20160316 12:33:21.686" status="PASS"></status>
</kw>
<kw library="ArgParserKeywords" name="Get Digits">
<assign>
<var>${digits}</var>
</assign>
<msg level="INFO" timestamp="20160316 12:33:21.717">${digits} = 4</msg>
<status endtime="20160316 12:33:21.717" starttime="20160316 12:33:21.701" status="PASS"></status>
</kw>
<kw library="BuiltIn" name="Should Be Equal">
<doc>Fails if the given objects are unequal.</doc>
<arguments>
<arg>4</arg>
<arg>${digits}</arg>
</arguments>
<status endtime="20160316 12:33:21.732" starttime="20160316 12:33:21.717" status="PASS"></status>
</kw>
<status critical="yes" endtime="20160316 12:33:21.732" starttime="20160316 12:33:21.576" status="PASS"></status>
</test>
<test name="Test Named Argument Single" id="s1-t7">
<kw library="ArgParserKeywords" name="Start Volume Calcuator With Arguments">
<arguments>
<arg>7</arg>
<arg>3</arg>
<arg>2</arg>
<arg>--type</arg>
<arg>ellipsoid</arg>
</arguments>
<status endtime="20160316 12:33:21.748" starttime="20160316 12:33:21.748" status="PASS"></status>
</kw>
<kw library="ArgParserKeywords" name="Get Length">
<assign>
<var>${length}</var>
</assign>
<msg level="WARN" timestamp="20160316 12:33:21.186">Keyword 'Get Length' found both from a custom test library 'ArgParserKeywords' and a standard library 'BuiltIn'. The custom keyword is used. To select explicitly, and to get rid of this warning, use either 'ArgParserKeywords.Get Length' or 'BuiltIn.Get Length'.</msg>
<msg level="WARN" timestamp="20160316 12:33:21.592">Keyword 'Get Length' found both from a custom test library 'ArgParserKeywords' and a standard library 'BuiltIn'. The custom keyword is used. To select explicitly, and to get rid of this warning, use either 'ArgParserKeywords.Get Length' or 'BuiltIn.Get Length'.</msg>
<msg level="WARN" timestamp="20160316 12:33:21.748">Keyword 'Get Length' found both from a custom test library 'ArgParserKeywords' and a standard library 'BuiltIn'. The custom keyword is used. To select explicitly, and to get rid of this warning, use either 'ArgParserKeywords.Get Length' or 'BuiltIn.Get Length'.</msg>
<msg level="INFO" timestamp="20160316 12:33:21.779">${length} = 7</msg>
<status endtime="20160316 12:33:21.779" starttime="20160316 12:33:21.748" status="PASS"></status>
</kw>
<kw library="BuiltIn" name="Should Be Equal">
<doc>Fails if the given objects are unequal.</doc>
<arguments>
<arg>7</arg>
<arg>${length}</arg>
</arguments>
<status endtime="20160316 12:33:21.779" starttime="20160316 12:33:21.779" status="PASS"></status>
</kw>
<kw library="ArgParserKeywords" name="Get Width">
<assign>
<var>${width}</var>
</assign>
<msg level="INFO" timestamp="20160316 12:33:21.795">${width} = 3</msg>
<status endtime="20160316 12:33:21.795" starttime="20160316 12:33:21.795" status="PASS"></status>
</kw>
<kw library="BuiltIn" name="Should Be Equal">
<doc>Fails if the given objects are unequal.</doc>
<arguments>
<arg>3</arg>
<arg>${width}</arg>
</arguments>
<status endtime="20160316 12:33:21.810" starttime="20160316 12:33:21.795" status="PASS"></status>
</kw>
<kw library="ArgParserKeywords" name="Get Height">
<assign>
<var>${height}</var>
</assign>
<msg level="INFO" timestamp="20160316 12:33:21.810">${height} = 2</msg>
<status endtime="20160316 12:33:21.810" starttime="20160316 12:33:21.810" status="PASS"></status>
</kw>
<kw library="BuiltIn" name="Should Be Equal">
<doc>Fails if the given objects are unequal.</doc>
<arguments>
<arg>2</arg>
<arg>${height}</arg>
</arguments>
<status endtime="20160316 12:33:21.826" starttime="20160316 12:33:21.826" status="PASS"></status>
</kw>
<kw library="ArgParserKeywords" name="Get Type">
<assign>
<var>${type}</var>
</assign>
<msg level="INFO" timestamp="20160316 12:33:21.842">${type} = ellipsoid</msg>
<status endtime="20160316 12:33:21.842" starttime="20160316 12:33:21.826" status="PASS"></status>
</kw>
<kw library="BuiltIn" name="Should Be Equal">
<doc>Fails if the given objects are unequal.</doc>
<arguments>
<arg>ellipsoid</arg>
<arg>${type}</arg>
</arguments>
<status endtime="20160316 12:33:21.842" starttime="20160316 12:33:21.842" status="PASS"></status>
</kw>
<kw library="ArgParserKeywords" name="Get Digits">
<assign>
<var>${digits}</var>
</assign>
<msg level="INFO" timestamp="20160316 12:33:21.857">${digits} = 4</msg>
<status endtime="20160316 12:33:21.857" starttime="20160316 12:33:21.857" status="PASS"></status>
</kw>
<kw library="BuiltIn" name="Should Be Equal">
<doc>Fails if the given objects are unequal.</doc>
<arguments>
<arg>4</arg>
<arg>${digits}</arg>
</arguments>
<status endtime="20160316 12:33:21.873" starttime="20160316 12:33:21.873" status="PASS"></status>
</kw>
<status critical="yes" endtime="20160316 12:33:21.873" starttime="20160316 12:33:21.732" status="PASS"></status>
</test>
<test name="Test Named Argument Multiple" id="s1-t8">
<kw library="ArgParserKeywords" name="Start Volume Calcuator With Arguments">
<arguments>
<arg>7</arg>
<arg>3</arg>
<arg>2</arg>
<arg>--type</arg>
<arg>ellipsoid</arg>
<arg>--digits</arg>
<arg>1</arg>
</arguments>
<status endtime="20160316 12:33:21.904" starttime="20160316 12:33:21.888" status="PASS"></status>
</kw>
<kw library="ArgParserKeywords" name="Get Length">
<assign>
<var>${length}</var>
</assign>
<msg level="WARN" timestamp="20160316 12:33:21.186">Keyword 'Get Length' found both from a custom test library 'ArgParserKeywords' and a standard library 'BuiltIn'. The custom keyword is used. To select explicitly, and to get rid of this warning, use either 'ArgParserKeywords.Get Length' or 'BuiltIn.Get Length'.</msg>
<msg level="WARN" timestamp="20160316 12:33:21.592">Keyword 'Get Length' found both from a custom test library 'ArgParserKeywords' and a standard library 'BuiltIn'. The custom keyword is used. To select explicitly, and to get rid of this warning, use either 'ArgParserKeywords.Get Length' or 'BuiltIn.Get Length'.</msg>
<msg level="WARN" timestamp="20160316 12:33:21.748">Keyword 'Get Length' found both from a custom test library 'ArgParserKeywords' and a standard library 'BuiltIn'. The custom keyword is used. To select explicitly, and to get rid of this warning, use either 'ArgParserKeywords.Get Length' or 'BuiltIn.Get Length'.</msg>
<msg level="WARN" timestamp="20160316 12:33:21.904">Keyword 'Get Length' found both from a custom test library 'ArgParserKeywords' and a standard library 'BuiltIn'. The custom keyword is used. To select explicitly, and to get rid of this warning, use either 'ArgParserKeywords.Get Length' or 'BuiltIn.Get Length'.</msg>
<msg level="INFO" timestamp="20160316 12:33:21.920">${length} = 7</msg>
<status endtime="20160316 12:33:21.920" starttime="20160316 12:33:21.904" status="PASS"></status>
</kw>
<kw library="BuiltIn" name="Should Be Equal">
<doc>Fails if the given objects are unequal.</doc>
<arguments>
<arg>7</arg>
<arg>${length}</arg>
</arguments>
<status endtime="20160316 12:33:21.935" starttime="20160316 12:33:21.935" status="PASS"></status>
</kw>
<kw library="ArgParserKeywords" name="Get Width">
<assign>
<var>${width}</var>
</assign>
<msg level="INFO" timestamp="20160316 12:33:21.951">${width} = 3</msg>
<status endtime="20160316 12:33:21.951" starttime="20160316 12:33:21.935" status="PASS"></status>
</kw>
<kw library="BuiltIn" name="Should Be Equal">
<doc>Fails if the given objects are unequal.</doc>
<arguments>
<arg>3</arg>
<arg>${width}</arg>
</arguments>
<status endtime="20160316 12:33:21.951" starttime="20160316 12:33:21.951" status="PASS"></status>
</kw>
<kw library="ArgParserKeywords" name="Get Height">
<assign>
<var>${height}</var>
</assign>
<msg level="INFO" timestamp="20160316 12:33:21.966">${height} = 2</msg>
<status endtime="20160316 12:33:21.966" starttime="20160316 12:33:21.966" status="PASS"></status>
</kw>
<kw library="BuiltIn" name="Should Be Equal">
<doc>Fails if the given objects are unequal.</doc>
<arguments>
<arg>2</arg>
<arg>${height}</arg>
</arguments>
<status endtime="20160316 12:33:21.982" starttime="20160316 12:33:21.966" status="PASS"></status>
</kw>
<kw library="ArgParserKeywords" name="Get Type">
<assign>
<var>${type}</var>
</assign>
<msg level="INFO" timestamp="20160316 12:33:21.982">${type} = ellipsoid</msg>
<status endtime="20160316 12:33:21.982" starttime="20160316 12:33:21.982" status="PASS"></status>
</kw>
<kw library="BuiltIn" name="Should Be Equal">
<doc>Fails if the given objects are unequal.</doc>
<arguments>
<arg>ellipsoid</arg>
<arg>${type}</arg>
</arguments>
<status endtime="20160316 12:33:21.998" starttime="20160316 12:33:21.998" status="PASS"></status>
</kw>
<kw library="ArgParserKeywords" name="Get Digits">
<assign>
<var>${digits}</var>
</assign>
<msg level="INFO" timestamp="20160316 12:33:22.013">${digits} = 1</msg>
<status endtime="20160316 12:33:22.013" starttime="20160316 12:33:21.998" status="PASS"></status>
</kw>
<kw library="BuiltIn" name="Should Be Equal">
<doc>Fails if the given objects are unequal.</doc>
<arguments>
<arg>1</arg>
<arg>${digits}</arg>
</arguments>
<status endtime="20160316 12:33:22.029" starttime="20160316 12:33:22.013" status="PASS"></status>
</kw>
<status critical="yes" endtime="20160316 12:33:22.029" starttime="20160316 12:33:21.888" status="PASS"></status>
</test>
<test name="Test Named Argument Anywhere" id="s1-t9">
<kw library="ArgParserKeywords" name="Start Volume Calcuator With Arguments">
<arguments>
<arg>--type</arg>
<arg>ellipsoid</arg>
<arg>7</arg>
<arg>3</arg>
<arg>--digits</arg>
<arg>1</arg>
<arg>2</arg>
</arguments>
<status endtime="20160316 12:33:22.076" starttime="20160316 12:33:22.060" status="PASS"></status>
</kw>
<kw library="ArgParserKeywords" name="Get Length">
<assign>
<var>${length}</var>
</assign>
<msg level="WARN" timestamp="20160316 12:33:21.186">Keyword 'Get Length' found both from a custom test library 'ArgParserKeywords' and a standard library 'BuiltIn'. The custom keyword is used. To select explicitly, and to get rid of this warning, use either 'ArgParserKeywords.Get Length' or 'BuiltIn.Get Length'.</msg>
<msg level="WARN" timestamp="20160316 12:33:21.592">Keyword 'Get Length' found both from a custom test library 'ArgParserKeywords' and a standard library 'BuiltIn'. The custom keyword is used. To select explicitly, and to get rid of this warning, use either 'ArgParserKeywords.Get Length' or 'BuiltIn.Get Length'.</msg>
<msg level="WARN" timestamp="20160316 12:33:21.748">Keyword 'Get Length' found both from a custom test library 'ArgParserKeywords' and a standard library 'BuiltIn'. The custom keyword is used. To select explicitly, and to get rid of this warning, use either 'ArgParserKeywords.Get Length' or 'BuiltIn.Get Length'.</msg>
<msg level="WARN" timestamp="20160316 12:33:21.904">Keyword 'Get Length' found both from a custom test library 'ArgParserKeywords' and a standard library 'BuiltIn'. The custom keyword is used. To select explicitly, and to get rid of this warning, use either 'ArgParserKeywords.Get Length' or 'BuiltIn.Get Length'.</msg>
<msg level="WARN" timestamp="20160316 12:33:22.076">Keyword 'Get Length' found both from a custom test library 'ArgParserKeywords' and a standard library 'BuiltIn'. The custom keyword is used. To select explicitly, and to get rid of this warning, use either 'ArgParserKeywords.Get Length' or 'BuiltIn.Get Length'.</msg>
<msg level="INFO" timestamp="20160316 12:33:22.107">${length} = 7</msg>
<status endtime="20160316 12:33:22.107" starttime="20160316 12:33:22.076" status="PASS"></status>
</kw>
<kw library="BuiltIn" name="Should Be Equal">
<doc>Fails if the given objects are unequal.</doc>
<arguments>
<arg>7</arg>
<arg>${length}</arg>
</arguments>
<status endtime="20160316 12:33:22.122" starttime="20160316 12:33:22.107" status="PASS"></status>
</kw>
<kw library="ArgParserKeywords" name="Get Width">
<assign>
<var>${width}</var>
</assign>
<msg level="INFO" timestamp="20160316 12:33:22.138">${width} = 3</msg>
<status endtime="20160316 12:33:22.138" starttime="20160316 12:33:22.122" status="PASS"></status>
</kw>
<kw library="BuiltIn" name="Should Be Equal">
<doc>Fails if the given objects are unequal.</doc>
<arguments>
<arg>3</arg>
<arg>${width}</arg>
</arguments>
<status endtime="20160316 12:33:22.138" starttime="20160316 12:33:22.138" status="PASS"></status>
</kw>
<kw library="ArgParserKeywords" name="Get Height">
<assign>
<var>${height}</var>
</assign>
<msg level="INFO" timestamp="20160316 12:33:22.154">${height} = 2</msg>
<status endtime="20160316 12:33:22.154" starttime="20160316 12:33:22.154" status="PASS"></status>
</kw>
<kw library="BuiltIn" name="Should Be Equal">
<doc>Fails if the given objects are unequal.</doc>
<arguments>
<arg>2</arg>
<arg>${height}</arg>
</arguments>
<status endtime="20160316 12:33:22.169" starttime="20160316 12:33:22.154" status="PASS"></status>
</kw>
<kw library="ArgParserKeywords" name="Get Type">
<assign>
<var>${type}</var>
</assign>
<msg level="INFO" timestamp="20160316 12:33:22.232">${type} = ellipsoid</msg>
<status endtime="20160316 12:33:22.232" starttime="20160316 12:33:22.169" status="PASS"></status>
</kw>
<kw library="BuiltIn" name="Should Be Equal">
<doc>Fails if the given objects are unequal.</doc>
<arguments>
<arg>ellipsoid</arg>
<arg>${type}</arg>
</arguments>
<status endtime="20160316 12:33:22.263" starttime="20160316 12:33:22.247" status="PASS"></status>
</kw>
<kw library="ArgParserKeywords" name="Get Digits">
<assign>
<var>${digits}</var>
</assign>
<msg level="INFO" timestamp="20160316 12:33:22.278">${digits} = 1</msg>
<status endtime="20160316 12:33:22.294" starttime="20160316 12:33:22.278" status="PASS"></status>
</kw>
<kw library="BuiltIn" name="Should Be Equal">
<doc>Fails if the given objects are unequal.</doc>
<arguments>
<arg>1</arg>
<arg>${digits}</arg>
</arguments>
<status endtime="20160316 12:33:22.310" starttime="20160316 12:33:22.294" status="PASS"></status>
</kw>
<status critical="yes" endtime="20160316 12:33:22.310" starttime="20160316 12:33:22.044" status="PASS"></status>
</test>
<test name="Test Help Flag" id="s1-t10">
<kw library="ArgParserKeywords" name="Start Program With Arguments">
<arguments>
<arg>7</arg>
<arg>--help</arg>
<arg>3</arg>
<arg>2</arg>
</arguments>
<status endtime="20160316 12:33:22.341" starttime="20160316 12:33:22.325" status="PASS"></status>
</kw>
<kw library="ArgParserKeywords" name="Get Program Output">
<assign>
<var>${output}</var>
</assign>
<msg level="INFO" timestamp="20160316 12:33:22.356">${output} = usage: java VolumeCalculator length width height
Calculate the volume of a box.
positional arguments:
length the length of the box (float)
width the width of the box (float)
height the height of the b...</msg>
<status endtime="20160316 12:33:22.356" starttime="20160316 12:33:22.341" status="PASS"></status>
</kw>
<kw library="BuiltIn" name="Should Be Equal">
<doc>Fails if the given objects are unequal.</doc>
<arguments>
<arg>${expectedD}</arg>
<arg>${output}</arg>
</arguments>
<status endtime="20160316 12:33:22.356" starttime="20160316 12:33:22.356" status="PASS"></status>
</kw>
<status critical="yes" endtime="20160316 12:33:22.356" starttime="20160316 12:33:22.325" status="PASS"></status>
</test>
<test name="Test Short Form Arguments" id="s1-t11">
<kw library="ArgParserKeywords" name="Start Volume Calcuator With Arguments">
<arguments>
<arg>-t</arg>
<arg>ellipsoid</arg>
<arg>7</arg>
<arg>3</arg>
<arg>-d</arg>
<arg>1</arg>
<arg>2</arg>
</arguments>
<status endtime="20160316 12:33:22.388" starttime="20160316 12:33:22.372" status="PASS"></status>
</kw>
<kw library="ArgParserKeywords" name="Get Length">
<assign>
<var>${length}</var>
</assign>
<msg level="WARN" timestamp="20160316 12:33:21.186">Keyword 'Get Length' found both from a custom test library 'ArgParserKeywords' and a standard library 'BuiltIn'. The custom keyword is used. To select explicitly, and to get rid of this warning, use either 'ArgParserKeywords.Get Length' or 'BuiltIn.Get Length'.</msg>
<msg level="WARN" timestamp="20160316 12:33:21.592">Keyword 'Get Length' found both from a custom test library 'ArgParserKeywords' and a standard library 'BuiltIn'. The custom keyword is used. To select explicitly, and to get rid of this warning, use either 'ArgParserKeywords.Get Length' or 'BuiltIn.Get Length'.</msg>
<msg level="WARN" timestamp="20160316 12:33:21.748">Keyword 'Get Length' found both from a custom test library 'ArgParserKeywords' and a standard library 'BuiltIn'. The custom keyword is used. To select explicitly, and to get rid of this warning, use either 'ArgParserKeywords.Get Length' or 'BuiltIn.Get Length'.</msg>
<msg level="WARN" timestamp="20160316 12:33:21.904">Keyword 'Get Length' found both from a custom test library 'ArgParserKeywords' and a standard library 'BuiltIn'. The custom keyword is used. To select explicitly, and to get rid of this warning, use either 'ArgParserKeywords.Get Length' or 'BuiltIn.Get Length'.</msg>
<msg level="WARN" timestamp="20160316 12:33:22.076">Keyword 'Get Length' found both from a custom test library 'ArgParserKeywords' and a standard library 'BuiltIn'. The custom keyword is used. To select explicitly, and to get rid of this warning, use either 'ArgParserKeywords.Get Length' or 'BuiltIn.Get Length'.</msg>
<msg level="WARN" timestamp="20160316 12:33:22.388">Keyword 'Get Length' found both from a custom test library 'ArgParserKeywords' and a standard library 'BuiltIn'. The custom keyword is used. To select explicitly, and to get rid of this warning, use either 'ArgParserKeywords.Get Length' or 'BuiltIn.Get Length'.</msg>
<msg level="INFO" timestamp="20160316 12:33:22.419">${length} = 7</msg>
<status endtime="20160316 12:33:22.419" starttime="20160316 12:33:22.388" status="PASS"></status>
</kw>
<kw library="BuiltIn" name="Should Be Equal">
<doc>Fails if the given objects are unequal.</doc>
<arguments>
<arg>7</arg>
<arg>${length}</arg>
</arguments>
<status endtime="20160316 12:33:22.434" starttime="20160316 12:33:22.419" status="PASS"></status>
</kw>
<kw library="ArgParserKeywords" name="Get Width">
<assign>
<var>${width}</var>
</assign>
<msg level="INFO" timestamp="20160316 12:33:22.434">${width} = 3</msg>
<status endtime="20160316 12:33:22.450" starttime="20160316 12:33:22.434" status="PASS"></status>
</kw>
<kw library="BuiltIn" name="Should Be Equal">
<doc>Fails if the given objects are unequal.</doc>
<arguments>
<arg>3</arg>
<arg>${width}</arg>
</arguments>
<status endtime="20160316 12:33:22.450" starttime="20160316 12:33:22.450" status="PASS"></status>
</kw>
<kw library="ArgParserKeywords" name="Get Height">
<assign>
<var>${height}</var>
</assign>
<msg level="INFO" timestamp="20160316 12:33:22.466">${height} = 2</msg>
<status endtime="20160316 12:33:22.466" starttime="20160316 12:33:22.450" status="PASS"></status>
</kw>
<kw library="BuiltIn" name="Should Be Equal">
<doc>Fails if the given objects are unequal.</doc>
<arguments>
<arg>2</arg>
<arg>${height}</arg>
</arguments>
<status endtime="20160316 12:33:22.481" starttime="20160316 12:33:22.466" status="PASS"></status>
</kw>
<kw library="ArgParserKeywords" name="Get Type">
<assign>
<var>${type}</var>
</assign>
<msg level="INFO" timestamp="20160316 12:33:22.481">${type} = ellipsoid</msg>
<status endtime="20160316 12:33:22.481" starttime="20160316 12:33:22.481" status="PASS"></status>
</kw>
<kw library="BuiltIn" name="Should Be Equal">
<doc>Fails if the given objects are unequal.</doc>
<arguments>
<arg>ellipsoid</arg>
<arg>${type}</arg>
</arguments>
<status endtime="20160316 12:33:22.497" starttime="20160316 12:33:22.481" status="PASS"></status>
</kw>
<kw library="ArgParserKeywords" name="Get Digits">
<assign>
<var>${digits}</var>
</assign>
<msg level="INFO" timestamp="20160316 12:33:22.497">${digits} = 1</msg>
<status endtime="20160316 12:33:22.497" starttime="20160316 12:33:22.497" status="PASS"></status>
</kw>
<kw library="BuiltIn" name="Should Be Equal">
<doc>Fails if the given objects are unequal.</doc>
<arguments>
<arg>1</arg>
<arg>${digits}</arg>
</arguments>
<status endtime="20160316 12:33:22.512" starttime="20160316 12:33:22.512" status="PASS"></status>
</kw>
<status critical="yes" endtime="20160316 12:33:22.512" starttime="20160316 12:33:22.372" status="PASS"></status>
</test>
<status endtime="20160316 12:33:22.528" starttime="20160316 12:33:20.235" status="PASS"></status>
</suite>
<statistics>
<total>
<stat pass="11" fail="0">Critical Tests</stat>
<stat pass="11" fail="0">All Tests</stat>
</total>
<tag>
</tag>
<suite>
<stat pass="11" fail="0" name="ArgParserTest" id="s1">ArgParserTest</stat>
</suite>
</statistics>
<errors>
<msg level="WARN" timestamp="20160316 12:33:21.186">Keyword 'Get Length' found both from a custom test library 'ArgParserKeywords' and a standard library 'BuiltIn'. The custom keyword is used. To select explicitly, and to get rid of this warning, use either 'ArgParserKeywords.Get Length' or 'BuiltIn.Get Length'.</msg>
<msg level="WARN" timestamp="20160316 12:33:21.186">Keyword 'Get Length' found both from a custom test library 'ArgParserKeywords' and a standard library 'BuiltIn'. The custom keyword is used. To select explicitly, and to get rid of this warning, use either 'ArgParserKeywords.Get Length' or 'BuiltIn.Get Length'.</msg>
<msg level="WARN" timestamp="20160316 12:33:21.592">Keyword 'Get Length' found both from a custom test library 'ArgParserKeywords' and a standard library 'BuiltIn'. The custom keyword is used. To select explicitly, and to get rid of this warning, use either 'ArgParserKeywords.Get Length' or 'BuiltIn.Get Length'.</msg>
<msg level="WARN" timestamp="20160316 12:33:21.186">Keyword 'Get Length' found both from a custom test library 'ArgParserKeywords' and a standard library 'BuiltIn'. The custom keyword is used. To select explicitly, and to get rid of this warning, use either 'ArgParserKeywords.Get Length' or 'BuiltIn.Get Length'.</msg>
<msg level="WARN" timestamp="20160316 12:33:21.592">Keyword 'Get Length' found both from a custom test library 'ArgParserKeywords' and a standard library 'BuiltIn'. The custom keyword is used. To select explicitly, and to get rid of this warning, use either 'ArgParserKeywords.Get Length' or 'BuiltIn.Get Length'.</msg>
<msg level="WARN" timestamp="20160316 12:33:21.748">Keyword 'Get Length' found both from a custom test library 'ArgParserKeywords' and a standard library 'BuiltIn'. The custom keyword is used. To select explicitly, and to get rid of this warning, use either 'ArgParserKeywords.Get Length' or 'BuiltIn.Get Length'.</msg>
<msg level="WARN" timestamp="20160316 12:33:21.186">Keyword 'Get Length' found both from a custom test library 'ArgParserKeywords' and a standard library 'BuiltIn'. The custom keyword is used. To select explicitly, and to get rid of this warning, use either 'ArgParserKeywords.Get Length' or 'BuiltIn.Get Length'.</msg>
<msg level="WARN" timestamp="20160316 12:33:21.592">Keyword 'Get Length' found both from a custom test library 'ArgParserKeywords' and a standard library 'BuiltIn'. The custom keyword is used. To select explicitly, and to get rid of this warning, use either 'ArgParserKeywords.Get Length' or 'BuiltIn.Get Length'.</msg>
<msg level="WARN" timestamp="20160316 12:33:21.748">Keyword 'Get Length' found both from a custom test library 'ArgParserKeywords' and a standard library 'BuiltIn'. The custom keyword is used. To select explicitly, and to get rid of this warning, use either 'ArgParserKeywords.Get Length' or 'BuiltIn.Get Length'.</msg>
<msg level="WARN" timestamp="20160316 12:33:21.904">Keyword 'Get Length' found both from a custom test library 'ArgParserKeywords' and a standard library 'BuiltIn'. The custom keyword is used. To select explicitly, and to get rid of this warning, use either 'ArgParserKeywords.Get Length' or 'BuiltIn.Get Length'.</msg>
<msg level="WARN" timestamp="20160316 12:33:21.186">Keyword 'Get Length' found both from a custom test library 'ArgParserKeywords' and a standard library 'BuiltIn'. The custom keyword is used. To select explicitly, and to get rid of this warning, use either 'ArgParserKeywords.Get Length' or 'BuiltIn.Get Length'.</msg>
<msg level="WARN" timestamp="20160316 12:33:21.592">Keyword 'Get Length' found both from a custom test library 'ArgParserKeywords' and a standard library 'BuiltIn'. The custom keyword is used. To select explicitly, and to get rid of this warning, use either 'ArgParserKeywords.Get Length' or 'BuiltIn.Get Length'.</msg>
<msg level="WARN" timestamp="20160316 12:33:21.748">Keyword 'Get Length' found both from a custom test library 'ArgParserKeywords' and a standard library 'BuiltIn'. The custom keyword is used. To select explicitly, and to get rid of this warning, use either 'ArgParserKeywords.Get Length' or 'BuiltIn.Get Length'.</msg>
<msg level="WARN" timestamp="20160316 12:33:21.904">Keyword 'Get Length' found both from a custom test library 'ArgParserKeywords' and a standard library 'BuiltIn'. The custom keyword is used. To select explicitly, and to get rid of this warning, use either 'ArgParserKeywords.Get Length' or 'BuiltIn.Get Length'.</msg>
<msg level="WARN" timestamp="20160316 12:33:22.076">Keyword 'Get Length' found both from a custom test library 'ArgParserKeywords' and a standard library 'BuiltIn'. The custom keyword is used. To select explicitly, and to get rid of this warning, use either 'ArgParserKeywords.Get Length' or 'BuiltIn.Get Length'.</msg>
<msg level="WARN" timestamp="20160316 12:33:21.186">Keyword 'Get Length' found both from a custom test library 'ArgParserKeywords' and a standard library 'BuiltIn'. The custom keyword is used. To select explicitly, and to get rid of this warning, use either 'ArgParserKeywords.Get Length' or 'BuiltIn.Get Length'.</msg>
<msg level="WARN" timestamp="20160316 12:33:21.592">Keyword 'Get Length' found both from a custom test library 'ArgParserKeywords' and a standard library 'BuiltIn'. The custom keyword is used. To select explicitly, and to get rid of this warning, use either 'ArgParserKeywords.Get Length' or 'BuiltIn.Get Length'.</msg>
<msg level="WARN" timestamp="20160316 12:33:21.748">Keyword 'Get Length' found both from a custom test library 'ArgParserKeywords' and a standard library 'BuiltIn'. The custom keyword is used. To select explicitly, and to get rid of this warning, use either 'ArgParserKeywords.Get Length' or 'BuiltIn.Get Length'.</msg>
<msg level="WARN" timestamp="20160316 12:33:21.904">Keyword 'Get Length' found both from a custom test library 'ArgParserKeywords' and a standard library 'BuiltIn'. The custom keyword is used. To select explicitly, and to get rid of this warning, use either 'ArgParserKeywords.Get Length' or 'BuiltIn.Get Length'.</msg>
<msg level="WARN" timestamp="20160316 12:33:22.076">Keyword 'Get Length' found both from a custom test library 'ArgParserKeywords' and a standard library 'BuiltIn'. The custom keyword is used. To select explicitly, and to get rid of this warning, use either 'ArgParserKeywords.Get Length' or 'BuiltIn.Get Length'.</msg>
<msg level="WARN" timestamp="20160316 12:33:22.388">Keyword 'Get Length' found both from a custom test library 'ArgParserKeywords' and a standard library 'BuiltIn'. The custom keyword is used. To select explicitly, and to get rid of this warning, use either 'ArgParserKeywords.Get Length' or 'BuiltIn.Get Length'.</msg>
</errors>
</robot>
