<?xml version="1.0" encoding="UTF-8"?>
<robot generator="Robot 2.9 (Jython 2.7.0 on java1.8.0_60)" generated="20160316 08:13:55.211">
<suite source="C:\Users\Owner\Desktop\CS310\ArgParse\ArgParse\ArgParse\acceptance\ArgParserTest.txt" name="ArgParserTest" id="s1">
<test name="Test Volume Calculator Normal Function" id="s1-t1">
<kw library="ArgParserKeywords" name="Start Volume Calculator With Arguments">
<arguments>
<arg>7</arg>
<arg>5</arg>
<arg>2</arg>
</arguments>
<status endtime="20160316 08:13:55.725" starttime="20160316 08:13:55.710" status="PASS"></status>
</kw>
<kw library="ArgParserKeywords" name="Get Length">
<assign>
<var>${length}</var>
</assign>
<msg level="WARN" timestamp="20160316 08:13:55.725">Keyword 'Get Length' found both from a custom test library 'ArgParserKeywords' and a standard library 'BuiltIn'. The custom keyword is used. To select explicitly, and to get rid of this warning, use either 'ArgParserKeywords.Get Length' or 'BuiltIn.Get Length'.</msg>
<msg level="INFO" timestamp="20160316 08:13:55.725">${length} = 7</msg>
<status endtime="20160316 08:13:55.725" starttime="20160316 08:13:55.725" status="PASS"></status>
</kw>
<kw library="BuiltIn" name="Should Be Equal">
<doc>Fails if the given objects are unequal.</doc>
<arguments>
<arg>7</arg>
<arg>${length}</arg>
</arguments>
<status endtime="20160316 08:13:55.741" starttime="20160316 08:13:55.725" status="PASS"></status>
</kw>
<kw library="ArgParserKeywords" name="Get Width">
<assign>
<var>${width}</var>
</assign>
<msg level="INFO" timestamp="20160316 08:13:55.741">${width} = 5</msg>
<status endtime="20160316 08:13:55.741" starttime="20160316 08:13:55.741" status="PASS"></status>
</kw>
<kw library="BuiltIn" name="Should Be Equal">
<doc>Fails if the given objects are unequal.</doc>
<arguments>
<arg>5</arg>
<arg>${width}</arg>
</arguments>
<status endtime="20160316 08:13:55.741" starttime="20160316 08:13:55.741" status="PASS"></status>
</kw>
<kw library="ArgParserKeywords" name="Get Height">
<assign>
<var>${height}</var>
</assign>
<msg level="INFO" timestamp="20160316 08:13:55.741">${height} = 2</msg>
<status endtime="20160316 08:13:55.741" starttime="20160316 08:13:55.741" status="PASS"></status>
</kw>
<kw library="BuiltIn" name="Should Be Equal">
<doc>Fails if the given objects are unequal.</doc>
<arguments>
<arg>2</arg>
<arg>${height}</arg>
</arguments>
<status endtime="20160316 08:13:55.757" starttime="20160316 08:13:55.757" status="PASS"></status>
</kw>
<kw library="ArgParserKeywords" name="Get Program Output">
<assign>
<var>${output}</var>
</assign>
<msg level="INFO" timestamp="20160316 08:13:55.757">${output} = 70</msg>
<status endtime="20160316 08:13:55.757" starttime="20160316 08:13:55.757" status="PASS"></status>
</kw>
<kw library="BuiltIn" name="Should Be Equal">
<doc>Fails if the given objects are unequal.</doc>
<arguments>
<arg>${output}</arg>
<arg>70</arg>
</arguments>
<status endtime="20160316 08:13:55.757" starttime="20160316 08:13:55.757" status="PASS"></status>
</kw>
<status critical="yes" endtime="20160316 08:13:55.772" starttime="20160316 08:13:55.710" status="PASS"></status>
</test>
<test name="Test Unrecognized Argument" id="s1-t2">
<kw library="ArgParserKeywords" name="Start Volume Calculator With Arguments">
<arguments>
<arg>7</arg>
<arg>5</arg>
<arg>2</arg>
<arg>43</arg>
</arguments>
<status endtime="20160316 08:13:55.772" starttime="20160316 08:13:55.772" status="PASS"></status>
</kw>
<kw library="ArgParserKeywords" name="Get Program Output">
<assign>
<var>${output}</var>
</assign>
<msg level="INFO" timestamp="20160316 08:13:55.788">${output} = usage: java VolumeCalculator length width height
VolumeCalculator.java: error: unrecognized arguments: 43</msg>
<status endtime="20160316 08:13:55.788" starttime="20160316 08:13:55.772" status="PASS"></status>
</kw>
<kw library="BuiltIn" name="Should Be Equal">
<doc>Fails if the given objects are unequal.</doc>
<arguments>
<arg>${expected}</arg>
<arg>${output}</arg>
</arguments>
<status endtime="20160316 08:13:55.788" starttime="20160316 08:13:55.788" status="PASS"></status>
</kw>
<status critical="yes" endtime="20160316 08:13:55.788" starttime="20160316 08:13:55.772" status="PASS"></status>
</test>
<test name="Test Absurd Program Normal Function" id="s1-t3">
<kw library="ArgParserKeywords" name="Start Absurd Program With Arguments">
<arguments>
<arg>dog</arg>
<arg>2</arg>
<arg>true</arg>
<arg>3.5</arg>
</arguments>
<status endtime="20160316 08:13:55.803" starttime="20160316 08:13:55.788" status="PASS"></status>
</kw>
<kw library="ArgParserKeywords" name="Get Pet">
<assign>
<var>${pet}</var>
</assign>
<msg level="INFO" timestamp="20160316 08:13:55.803">${pet} = dog</msg>
<status endtime="20160316 08:13:55.803" starttime="20160316 08:13:55.803" status="PASS"></status>
</kw>
<kw library="BuiltIn" name="Should Be Equal">
<doc>Fails if the given objects are unequal.</doc>
<arguments>
<arg>dog</arg>
<arg>${pet}</arg>
</arguments>
<status endtime="20160316 08:13:55.803" starttime="20160316 08:13:55.803" status="PASS"></status>
</kw>
<kw library="ArgParserKeywords" name="Get Number">
<assign>
<var>${number}</var>
</assign>
<msg level="INFO" timestamp="20160316 08:13:55.819">${number} = 2</msg>
<status endtime="20160316 08:13:55.819" starttime="20160316 08:13:55.803" status="PASS"></status>
</kw>
<kw library="BuiltIn" name="Should Be Equal">
<doc>Fails if the given objects are unequal.</doc>
<arguments>
<arg>2</arg>
<arg>${number}</arg>
</arguments>
<status endtime="20160316 08:13:55.819" starttime="20160316 08:13:55.819" status="PASS"></status>
</kw>
<kw library="ArgParserKeywords" name="Get Rainy">
<assign>
<var>${rainy}</var>
</assign>
<msg level="INFO" timestamp="20160316 08:13:55.819">${rainy} = true</msg>
<status endtime="20160316 08:13:55.819" starttime="20160316 08:13:55.819" status="PASS"></status>
</kw>
<kw library="BuiltIn" name="Should Be Equal">
<doc>Fails if the given objects are unequal.</doc>
<arguments>
<arg>true</arg>
<arg>${rainy}</arg>
</arguments>
<status endtime="20160316 08:13:55.835" starttime="20160316 08:13:55.819" status="PASS"></status>
</kw>
<kw library="ArgParserKeywords" name="Get Bathrooms">
<assign>
<var>${bathrooms}</var>
</assign>
<msg level="INFO" timestamp="20160316 08:13:55.835">${bathrooms} = 3.5</msg>
<status endtime="20160316 08:13:55.835" starttime="20160316 08:13:55.835" status="PASS"></status>
</kw>
<kw library="BuiltIn" name="Should Be Equal">
<doc>Fails if the given objects are unequal.</doc>
<arguments>
<arg>3.5</arg>
<arg>${bathrooms}</arg>
</arguments>
<status endtime="20160316 08:13:55.835" starttime="20160316 08:13:55.835" status="PASS"></status>
</kw>
<status critical="yes" endtime="20160316 08:13:55.835" starttime="20160316 08:13:55.788" status="PASS"></status>
</test>
<test name="Test Usage Message" id="s1-t4">
<kw library="ArgParserKeywords" name="Start Program With Arguments">
<arguments>
<arg>-h</arg>
</arguments>
<status endtime="20160316 08:13:55.850" starttime="20160316 08:13:55.850" status="PASS"></status>
</kw>
<kw library="ArgParserKeywords" name="Get Program Output">
<assign>
<var>${output}</var>
</assign>
<msg level="INFO" timestamp="20160316 08:13:55.850">${output} = usage: java VolumeCalculator length width height
Calculate the volume of a box.
positional arguments:
length the length of the box (float)
width the width of the box (float)
height the height of the b...</msg>
<status endtime="20160316 08:13:55.850" starttime="20160316 08:13:55.850" status="PASS"></status>
</kw>
<kw library="BuiltIn" name="Should Be Equal">
<doc>Fails if the given objects are unequal.</doc>
<arguments>
<arg>${expectedB}</arg>
<arg>${output}</arg>
</arguments>
<status endtime="20160316 08:13:55.866" starttime="20160316 08:13:55.850" status="PASS"></status>
</kw>
<status critical="yes" endtime="20160316 08:13:55.866" starttime="20160316 08:13:55.850" status="PASS"></status>
</test>
<test name="Test Incorrect Datatype Message" id="s1-t5">
<kw library="ArgParserKeywords" name="Start Program With Arguments">
<arguments>
<arg>7</arg>
<arg>something</arg>
<arg>2</arg>
</arguments>
<status endtime="20160316 08:13:55.866" starttime="20160316 08:13:55.866" status="PASS"></status>
</kw>
<kw library="ArgParserKeywords" name="Get Program Output">
<assign>
<var>${output}</var>
</assign>
<msg level="INFO" timestamp="20160316 08:13:55.881">${output} = usage: java VolumeCalculator length width height
VolumeCalculator.java: error: argument width: invalid float value: something</msg>
<status endtime="20160316 08:13:55.881" starttime="20160316 08:13:55.881" status="PASS"></status>
</kw>
<kw library="BuiltIn" name="Should Be Equal">
<doc>Fails if the given objects are unequal.</doc>
<arguments>
<arg>${expectedC}</arg>
<arg>${output}</arg>
</arguments>
<status endtime="20160316 08:13:55.881" starttime="20160316 08:13:55.881" status="PASS"></status>
</kw>
<status critical="yes" endtime="20160316 08:13:55.881" starttime="20160316 08:13:55.866" status="PASS"></status>
</test>
<test name="Test Named Argument Defaults" id="s1-t6">
<kw library="ArgParserKeywords" name="Start Volume Calcuator With Arguments">
<arguments>
<arg>7</arg>
<arg>3</arg>
<arg>2</arg>
</arguments>
<status endtime="20160316 08:13:55.897" starttime="20160316 08:13:55.897" status="PASS"></status>
</kw>
<kw library="ArgParserKeywords" name="Get Length">
<assign>
<var>${length}</var>
</assign>
<msg level="WARN" timestamp="20160316 08:13:55.725">Keyword 'Get Length' found both from a custom test library 'ArgParserKeywords' and a standard library 'BuiltIn'. The custom keyword is used. To select explicitly, and to get rid of this warning, use either 'ArgParserKeywords.Get Length' or 'BuiltIn.Get Length'.</msg>
<msg level="WARN" timestamp="20160316 08:13:55.897">Keyword 'Get Length' found both from a custom test library 'ArgParserKeywords' and a standard library 'BuiltIn'. The custom keyword is used. To select explicitly, and to get rid of this warning, use either 'ArgParserKeywords.Get Length' or 'BuiltIn.Get Length'.</msg>
<msg level="INFO" timestamp="20160316 08:13:55.913">${length} = 7</msg>
<status endtime="20160316 08:13:55.913" starttime="20160316 08:13:55.897" status="PASS"></status>
</kw>
<kw library="BuiltIn" name="Should Be Equal">
<doc>Fails if the given objects are unequal.</doc>
<arguments>
<arg>7</arg>
<arg>${length}</arg>
</arguments>
<status endtime="20160316 08:13:55.913" starttime="20160316 08:13:55.913" status="PASS"></status>
</kw>
<kw library="ArgParserKeywords" name="Get Width">
<assign>
<var>${width}</var>
</assign>
<msg level="INFO" timestamp="20160316 08:13:55.913">${width} = 3</msg>
<status endtime="20160316 08:13:55.913" starttime="20160316 08:13:55.913" status="PASS"></status>
</kw>
<kw library="BuiltIn" name="Should Be Equal">
<doc>Fails if the given objects are unequal.</doc>
<arguments>
<arg>3</arg>
<arg>${width}</arg>
</arguments>
<status endtime="20160316 08:13:55.913" starttime="20160316 08:13:55.913" status="PASS"></status>
</kw>
<kw library="ArgParserKeywords" name="Get Height">
<assign>
<var>${height}</var>
</assign>
<msg level="INFO" timestamp="20160316 08:13:55.928">${height} = 2</msg>
<status endtime="20160316 08:13:55.928" starttime="20160316 08:13:55.928" status="PASS"></status>
</kw>
<kw library="BuiltIn" name="Should Be Equal">
<doc>Fails if the given objects are unequal.</doc>
<arguments>
<arg>2</arg>
<arg>${height}</arg>
</arguments>
<status endtime="20160316 08:13:55.928" starttime="20160316 08:13:55.928" status="PASS"></status>
</kw>
<kw library="ArgParserKeywords" name="Get Type">
<assign>
<var>${type}</var>
</assign>
<msg level="INFO" timestamp="20160316 08:13:55.944">${type} = box</msg>
<status endtime="20160316 08:13:55.944" starttime="20160316 08:13:55.928" status="PASS"></status>
</kw>
<kw library="BuiltIn" name="Should Be Equal">
<doc>Fails if the given objects are unequal.</doc>
<arguments>
<arg>box</arg>
<arg>${type}</arg>
</arguments>
<status endtime="20160316 08:13:55.944" starttime="20160316 08:13:55.944" status="PASS"></status>
</kw>
<kw library="ArgParserKeywords" name="Get Digits">
<assign>
<var>${digits}</var>
</assign>
<msg level="INFO" timestamp="20160316 08:13:55.944">${digits} = 4</msg>
<status endtime="20160316 08:13:55.944" starttime="20160316 08:13:55.944" status="PASS"></status>
</kw>
<kw library="BuiltIn" name="Should Be Equal">
<doc>Fails if the given objects are unequal.</doc>
<arguments>
<arg>4</arg>
<arg>${digits}</arg>
</arguments>
<status endtime="20160316 08:13:55.944" starttime="20160316 08:13:55.944" status="PASS"></status>
</kw>
<status critical="yes" endtime="20160316 08:13:55.944" starttime="20160316 08:13:55.881" status="PASS"></status>
</test>
<test name="Test Named Argument Single" id="s1-t7">
<kw library="ArgParserKeywords" name="Start Volume Calcuator With Arguments">
<arguments>
<arg>7</arg>
<arg>3</arg>
<arg>2</arg>
<arg>--type</arg>
<arg>ellipsoid</arg>
</arguments>
<status endtime="20160316 08:13:55.959" starttime="20160316 08:13:55.959" status="PASS"></status>
</kw>
<kw library="ArgParserKeywords" name="Get Length">
<assign>
<var>${length}</var>
</assign>
<msg level="WARN" timestamp="20160316 08:13:55.725">Keyword 'Get Length' found both from a custom test library 'ArgParserKeywords' and a standard library 'BuiltIn'. The custom keyword is used. To select explicitly, and to get rid of this warning, use either 'ArgParserKeywords.Get Length' or 'BuiltIn.Get Length'.</msg>
<msg level="WARN" timestamp="20160316 08:13:55.897">Keyword 'Get Length' found both from a custom test library 'ArgParserKeywords' and a standard library 'BuiltIn'. The custom keyword is used. To select explicitly, and to get rid of this warning, use either 'ArgParserKeywords.Get Length' or 'BuiltIn.Get Length'.</msg>
<msg level="WARN" timestamp="20160316 08:13:55.959">Keyword 'Get Length' found both from a custom test library 'ArgParserKeywords' and a standard library 'BuiltIn'. The custom keyword is used. To select explicitly, and to get rid of this warning, use either 'ArgParserKeywords.Get Length' or 'BuiltIn.Get Length'.</msg>
<msg level="INFO" timestamp="20160316 08:13:55.975">${length} = 7</msg>
<status endtime="20160316 08:13:55.975" starttime="20160316 08:13:55.959" status="PASS"></status>
</kw>
<kw library="BuiltIn" name="Should Be Equal">
<doc>Fails if the given objects are unequal.</doc>
<arguments>
<arg>7</arg>
<arg>${length}</arg>
</arguments>
<status endtime="20160316 08:13:55.975" starttime="20160316 08:13:55.975" status="PASS"></status>
</kw>
<kw library="ArgParserKeywords" name="Get Width">
<assign>
<var>${width}</var>
</assign>
<msg level="INFO" timestamp="20160316 08:13:55.975">${width} = 3</msg>
<status endtime="20160316 08:13:55.975" starttime="20160316 08:13:55.975" status="PASS"></status>
</kw>
<kw library="BuiltIn" name="Should Be Equal">
<doc>Fails if the given objects are unequal.</doc>
<arguments>
<arg>3</arg>
<arg>${width}</arg>
</arguments>
<status endtime="20160316 08:13:55.991" starttime="20160316 08:13:55.975" status="PASS"></status>
</kw>
<kw library="ArgParserKeywords" name="Get Height">
<assign>
<var>${height}</var>
</assign>
<msg level="INFO" timestamp="20160316 08:13:55.991">${height} = 2</msg>
<status endtime="20160316 08:13:55.991" starttime="20160316 08:13:55.991" status="PASS"></status>
</kw>
<kw library="BuiltIn" name="Should Be Equal">
<doc>Fails if the given objects are unequal.</doc>
<arguments>
<arg>2</arg>
<arg>${height}</arg>
</arguments>
<status endtime="20160316 08:13:55.991" starttime="20160316 08:13:55.991" status="PASS"></status>
</kw>
<kw library="ArgParserKeywords" name="Get Type">
<assign>
<var>${type}</var>
</assign>
<msg level="INFO" timestamp="20160316 08:13:56.006">${type} = ellipsoid</msg>
<status endtime="20160316 08:13:56.006" starttime="20160316 08:13:55.991" status="PASS"></status>
</kw>
<kw library="BuiltIn" name="Should Be Equal">
<doc>Fails if the given objects are unequal.</doc>
<arguments>
<arg>ellipsoid</arg>
<arg>${type}</arg>
</arguments>
<status endtime="20160316 08:13:56.006" starttime="20160316 08:13:56.006" status="PASS"></status>
</kw>
<kw library="ArgParserKeywords" name="Get Digits">
<assign>
<var>${digits}</var>
</assign>
<msg level="INFO" timestamp="20160316 08:13:56.022">${digits} = 4</msg>
<status endtime="20160316 08:13:56.022" starttime="20160316 08:13:56.006" status="PASS"></status>
</kw>
<kw library="BuiltIn" name="Should Be Equal">
<doc>Fails if the given objects are unequal.</doc>
<arguments>
<arg>4</arg>
<arg>${digits}</arg>
</arguments>
<status endtime="20160316 08:13:56.022" starttime="20160316 08:13:56.022" status="PASS"></status>
</kw>
<status critical="yes" endtime="20160316 08:13:56.022" starttime="20160316 08:13:55.959" status="PASS"></status>
</test>
<test name="Test Named Argument Multiple" id="s1-t8">
<kw library="ArgParserKeywords" name="Start Volume Calcuator With Arguments">
<arguments>
<arg>7</arg>
<arg>3</arg>
<arg>2</arg>
<arg>--type</arg>
<arg>ellipsoid</arg>
<arg>--digits</arg>
<arg>1</arg>
</arguments>
<status endtime="20160316 08:13:56.037" starttime="20160316 08:13:56.037" status="PASS"></status>
</kw>
<kw library="ArgParserKeywords" name="Get Length">
<assign>
<var>${length}</var>
</assign>
<msg level="WARN" timestamp="20160316 08:13:55.725">Keyword 'Get Length' found both from a custom test library 'ArgParserKeywords' and a standard library 'BuiltIn'. The custom keyword is used. To select explicitly, and to get rid of this warning, use either 'ArgParserKeywords.Get Length' or 'BuiltIn.Get Length'.</msg>
<msg level="WARN" timestamp="20160316 08:13:55.897">Keyword 'Get Length' found both from a custom test library 'ArgParserKeywords' and a standard library 'BuiltIn'. The custom keyword is used. To select explicitly, and to get rid of this warning, use either 'ArgParserKeywords.Get Length' or 'BuiltIn.Get Length'.</msg>
<msg level="WARN" timestamp="20160316 08:13:55.959">Keyword 'Get Length' found both from a custom test library 'ArgParserKeywords' and a standard library 'BuiltIn'. The custom keyword is used. To select explicitly, and to get rid of this warning, use either 'ArgParserKeywords.Get Length' or 'BuiltIn.Get Length'.</msg>
<msg level="WARN" timestamp="20160316 08:13:56.037">Keyword 'Get Length' found both from a custom test library 'ArgParserKeywords' and a standard library 'BuiltIn'. The custom keyword is used. To select explicitly, and to get rid of this warning, use either 'ArgParserKeywords.Get Length' or 'BuiltIn.Get Length'.</msg>
<msg level="INFO" timestamp="20160316 08:13:56.053">${length} = 7</msg>
<status endtime="20160316 08:13:56.053" starttime="20160316 08:13:56.037" status="PASS"></status>
</kw>
<kw library="BuiltIn" name="Should Be Equal">
<doc>Fails if the given objects are unequal.</doc>
<arguments>
<arg>7</arg>
<arg>${length}</arg>
</arguments>
<status endtime="20160316 08:13:56.069" starttime="20160316 08:13:56.053" status="PASS"></status>
</kw>
<kw library="ArgParserKeywords" name="Get Width">
<assign>
<var>${width}</var>
</assign>
<msg level="INFO" timestamp="20160316 08:13:56.069">${width} = 3</msg>
<status endtime="20160316 08:13:56.069" starttime="20160316 08:13:56.069" status="PASS"></status>
</kw>
<kw library="BuiltIn" name="Should Be Equal">
<doc>Fails if the given objects are unequal.</doc>
<arguments>
<arg>3</arg>
<arg>${width}</arg>
</arguments>
<status endtime="20160316 08:13:56.084" starttime="20160316 08:13:56.069" status="PASS"></status>
</kw>
<kw library="ArgParserKeywords" name="Get Height">
<assign>
<var>${height}</var>
</assign>
<msg level="INFO" timestamp="20160316 08:13:56.084">${height} = 2</msg>
<status endtime="20160316 08:13:56.084" starttime="20160316 08:13:56.084" status="PASS"></status>
</kw>
<kw library="BuiltIn" name="Should Be Equal">
<doc>Fails if the given objects are unequal.</doc>
<arguments>
<arg>2</arg>
<arg>${height}</arg>
</arguments>
<status endtime="20160316 08:13:56.084" starttime="20160316 08:13:56.084" status="PASS"></status>
</kw>
<kw library="ArgParserKeywords" name="Get Type">
<assign>
<var>${type}</var>
</assign>
<msg level="INFO" timestamp="20160316 08:13:56.100">${type} = ellipsoid</msg>
<status endtime="20160316 08:13:56.100" starttime="20160316 08:13:56.100" status="PASS"></status>
</kw>
<kw library="BuiltIn" name="Should Be Equal">
<doc>Fails if the given objects are unequal.</doc>
<arguments>
<arg>ellipsoid</arg>
<arg>${type}</arg>
</arguments>
<status endtime="20160316 08:13:56.100" starttime="20160316 08:13:56.100" status="PASS"></status>
</kw>
<kw library="ArgParserKeywords" name="Get Digits">
<assign>
<var>${digits}</var>
</assign>
<msg level="INFO" timestamp="20160316 08:13:56.115">${digits} = 1</msg>
<status endtime="20160316 08:13:56.115" starttime="20160316 08:13:56.100" status="PASS"></status>
</kw>
<kw library="BuiltIn" name="Should Be Equal">
<doc>Fails if the given objects are unequal.</doc>
<arguments>
<arg>1</arg>
<arg>${digits}</arg>
</arguments>
<status endtime="20160316 08:13:56.115" starttime="20160316 08:13:56.115" status="PASS"></status>
</kw>
<status critical="yes" endtime="20160316 08:13:56.115" starttime="20160316 08:13:56.022" status="PASS"></status>
</test>
<test name="Test Named Argument Anywhere" id="s1-t9">
<kw library="ArgParserKeywords" name="Start Volume Calcuator With Arguments">
<arguments>
<arg>--type</arg>
<arg>ellipsoid</arg>
<arg>7</arg>
<arg>3</arg>
<arg>--digits</arg>
<arg>1</arg>
<arg>2</arg>
</arguments>
<status endtime="20160316 08:13:56.131" starttime="20160316 08:13:56.131" status="PASS"></status>
</kw>
<kw library="ArgParserKeywords" name="Get Length">
<assign>
<var>${length}</var>
</assign>
<msg level="WARN" timestamp="20160316 08:13:55.725">Keyword 'Get Length' found both from a custom test library 'ArgParserKeywords' and a standard library 'BuiltIn'. The custom keyword is used. To select explicitly, and to get rid of this warning, use either 'ArgParserKeywords.Get Length' or 'BuiltIn.Get Length'.</msg>
<msg level="WARN" timestamp="20160316 08:13:55.897">Keyword 'Get Length' found both from a custom test library 'ArgParserKeywords' and a standard library 'BuiltIn'. The custom keyword is used. To select explicitly, and to get rid of this warning, use either 'ArgParserKeywords.Get Length' or 'BuiltIn.Get Length'.</msg>
<msg level="WARN" timestamp="20160316 08:13:55.959">Keyword 'Get Length' found both from a custom test library 'ArgParserKeywords' and a standard library 'BuiltIn'. The custom keyword is used. To select explicitly, and to get rid of this warning, use either 'ArgParserKeywords.Get Length' or 'BuiltIn.Get Length'.</msg>
<msg level="WARN" timestamp="20160316 08:13:56.037">Keyword 'Get Length' found both from a custom test library 'ArgParserKeywords' and a standard library 'BuiltIn'. The custom keyword is used. To select explicitly, and to get rid of this warning, use either 'ArgParserKeywords.Get Length' or 'BuiltIn.Get Length'.</msg>
<msg level="WARN" timestamp="20160316 08:13:56.131">Keyword 'Get Length' found both from a custom test library 'ArgParserKeywords' and a standard library 'BuiltIn'. The custom keyword is used. To select explicitly, and to get rid of this warning, use either 'ArgParserKeywords.Get Length' or 'BuiltIn.Get Length'.</msg>
<msg level="INFO" timestamp="20160316 08:13:56.147">${length} = 7</msg>
<status endtime="20160316 08:13:56.147" starttime="20160316 08:13:56.131" status="PASS"></status>
</kw>
<kw library="BuiltIn" name="Should Be Equal">
<doc>Fails if the given objects are unequal.</doc>
<arguments>
<arg>7</arg>
<arg>${length}</arg>
</arguments>
<status endtime="20160316 08:13:56.147" starttime="20160316 08:13:56.147" status="PASS"></status>
</kw>
<kw library="ArgParserKeywords" name="Get Width">
<assign>
<var>${width}</var>
</assign>
<msg level="INFO" timestamp="20160316 08:13:56.162">${width} = 3</msg>
<status endtime="20160316 08:13:56.162" starttime="20160316 08:13:56.147" status="PASS"></status>
</kw>
<kw library="BuiltIn" name="Should Be Equal">
<doc>Fails if the given objects are unequal.</doc>
<arguments>
<arg>3</arg>
<arg>${width}</arg>
</arguments>
<status endtime="20160316 08:13:56.162" starttime="20160316 08:13:56.162" status="PASS"></status>
</kw>
<kw library="ArgParserKeywords" name="Get Height">
<assign>
<var>${height}</var>
</assign>
<msg level="INFO" timestamp="20160316 08:13:56.162">${height} = 2</msg>
<status endtime="20160316 08:13:56.162" starttime="20160316 08:13:56.162" status="PASS"></status>
</kw>
<kw library="BuiltIn" name="Should Be Equal">
<doc>Fails if the given objects are unequal.</doc>
<arguments>
<arg>2</arg>
<arg>${height}</arg>
</arguments>
<status endtime="20160316 08:13:56.178" starttime="20160316 08:13:56.178" status="PASS"></status>
</kw>
<kw library="ArgParserKeywords" name="Get Type">
<assign>
<var>${type}</var>
</assign>
<msg level="INFO" timestamp="20160316 08:13:56.178">${type} = ellipsoid</msg>
<status endtime="20160316 08:13:56.178" starttime="20160316 08:13:56.178" status="PASS"></status>
</kw>
<kw library="BuiltIn" name="Should Be Equal">
<doc>Fails if the given objects are unequal.</doc>
<arguments>
<arg>ellipsoid</arg>
<arg>${type}</arg>
</arguments>
<status endtime="20160316 08:13:56.193" starttime="20160316 08:13:56.178" status="PASS"></status>
</kw>
<kw library="ArgParserKeywords" name="Get Digits">
<assign>
<var>${digits}</var>
</assign>
<msg level="INFO" timestamp="20160316 08:13:56.193">${digits} = 1</msg>
<status endtime="20160316 08:13:56.193" starttime="20160316 08:13:56.193" status="PASS"></status>
</kw>
<kw library="BuiltIn" name="Should Be Equal">
<doc>Fails if the given objects are unequal.</doc>
<arguments>
<arg>1</arg>
<arg>${digits}</arg>
</arguments>
<status endtime="20160316 08:13:56.193" starttime="20160316 08:13:56.193" status="PASS"></status>
</kw>
<status critical="yes" endtime="20160316 08:13:56.193" starttime="20160316 08:13:56.115" status="PASS"></status>
</test>
<test name="Test Help Flag" id="s1-t10">
<kw library="ArgParserKeywords" name="Start Program With Arguments">
<arguments>
<arg>7</arg>
<arg>--help</arg>
<arg>3</arg>
<arg>2</arg>
</arguments>
<status endtime="20160316 08:13:56.209" starttime="20160316 08:13:56.209" status="PASS"></status>
</kw>
<kw library="ArgParserKeywords" name="Get Program Output">
<assign>
<var>${output}</var>
</assign>
<msg level="INFO" timestamp="20160316 08:13:56.209">${output} = usage: java VolumeCalculator length width height
Calculate the volume of a box.
positional arguments:
length the length of the box (float)
width the width of the box (float)
height the height of the b...</msg>
<status endtime="20160316 08:13:56.209" starttime="20160316 08:13:56.209" status="PASS"></status>
</kw>
<kw library="BuiltIn" name="Should Be Equal">
<doc>Fails if the given objects are unequal.</doc>
<arguments>
<arg>${expectedD}</arg>
<arg>${output}</arg>
</arguments>
<status endtime="20160316 08:13:56.225" starttime="20160316 08:13:56.209" status="PASS"></status>
</kw>
<status critical="yes" endtime="20160316 08:13:56.225" starttime="20160316 08:13:56.193" status="PASS"></status>
</test>
<test name="Test Short Form Arguments" id="s1-t11">
<kw library="ArgParserKeywords" name="Start Volume Calcuator With Arguments">
<arguments>
<arg>-t</arg>
<arg>ellipsoid</arg>
<arg>7</arg>
<arg>3</arg>
<arg>-d</arg>
<arg>1</arg>
<arg>2</arg>
</arguments>
<status endtime="20160316 08:13:56.225" starttime="20160316 08:13:56.225" status="PASS"></status>
</kw>
<kw library="ArgParserKeywords" name="Get Length">
<assign>
<var>${length}</var>
</assign>
<msg level="WARN" timestamp="20160316 08:13:55.725">Keyword 'Get Length' found both from a custom test library 'ArgParserKeywords' and a standard library 'BuiltIn'. The custom keyword is used. To select explicitly, and to get rid of this warning, use either 'ArgParserKeywords.Get Length' or 'BuiltIn.Get Length'.</msg>
<msg level="WARN" timestamp="20160316 08:13:55.897">Keyword 'Get Length' found both from a custom test library 'ArgParserKeywords' and a standard library 'BuiltIn'. The custom keyword is used. To select explicitly, and to get rid of this warning, use either 'ArgParserKeywords.Get Length' or 'BuiltIn.Get Length'.</msg>
<msg level="WARN" timestamp="20160316 08:13:55.959">Keyword 'Get Length' found both from a custom test library 'ArgParserKeywords' and a standard library 'BuiltIn'. The custom keyword is used. To select explicitly, and to get rid of this warning, use either 'ArgParserKeywords.Get Length' or 'BuiltIn.Get Length'.</msg>
<msg level="WARN" timestamp="20160316 08:13:56.037">Keyword 'Get Length' found both from a custom test library 'ArgParserKeywords' and a standard library 'BuiltIn'. The custom keyword is used. To select explicitly, and to get rid of this warning, use either 'ArgParserKeywords.Get Length' or 'BuiltIn.Get Length'.</msg>
<msg level="WARN" timestamp="20160316 08:13:56.131">Keyword 'Get Length' found both from a custom test library 'ArgParserKeywords' and a standard library 'BuiltIn'. The custom keyword is used. To select explicitly, and to get rid of this warning, use either 'ArgParserKeywords.Get Length' or 'BuiltIn.Get Length'.</msg>
<msg level="WARN" timestamp="20160316 08:13:56.240">Keyword 'Get Length' found both from a custom test library 'ArgParserKeywords' and a standard library 'BuiltIn'. The custom keyword is used. To select explicitly, and to get rid of this warning, use either 'ArgParserKeywords.Get Length' or 'BuiltIn.Get Length'.</msg>
<msg level="INFO" timestamp="20160316 08:13:56.256">${length} = 7</msg>
<status endtime="20160316 08:13:56.256" starttime="20160316 08:13:56.240" status="PASS"></status>
</kw>
<kw library="BuiltIn" name="Should Be Equal">
<doc>Fails if the given objects are unequal.</doc>
<arguments>
<arg>7</arg>
<arg>${length}</arg>
</arguments>
<status endtime="20160316 08:13:56.256" starttime="20160316 08:13:56.256" status="PASS"></status>
</kw>
<kw library="ArgParserKeywords" name="Get Width">
<assign>
<var>${width}</var>
</assign>
<msg level="INFO" timestamp="20160316 08:13:56.256">${width} = 3</msg>
<status endtime="20160316 08:13:56.271" starttime="20160316 08:13:56.256" status="PASS"></status>
</kw>
<kw library="BuiltIn" name="Should Be Equal">
<doc>Fails if the given objects are unequal.</doc>
<arguments>
<arg>3</arg>
<arg>${width}</arg>
</arguments>
<status endtime="20160316 08:13:56.271" starttime="20160316 08:13:56.271" status="PASS"></status>
</kw>
<kw library="ArgParserKeywords" name="Get Height">
<assign>
<var>${height}</var>
</assign>
<msg level="INFO" timestamp="20160316 08:13:56.271">${height} = 2</msg>
<status endtime="20160316 08:13:56.271" starttime="20160316 08:13:56.271" status="PASS"></status>
</kw>
<kw library="BuiltIn" name="Should Be Equal">
<doc>Fails if the given objects are unequal.</doc>
<arguments>
<arg>2</arg>
<arg>${height}</arg>
</arguments>
<status endtime="20160316 08:13:56.287" starttime="20160316 08:13:56.271" status="PASS"></status>
</kw>
<kw library="ArgParserKeywords" name="Get Type">
<assign>
<var>${type}</var>
</assign>
<msg level="INFO" timestamp="20160316 08:13:56.287">${type} = ellipsoid</msg>
<status endtime="20160316 08:13:56.287" starttime="20160316 08:13:56.287" status="PASS"></status>
</kw>
<kw library="BuiltIn" name="Should Be Equal">
<doc>Fails if the given objects are unequal.</doc>
<arguments>
<arg>ellipsoid</arg>
<arg>${type}</arg>
</arguments>
<status endtime="20160316 08:13:56.287" starttime="20160316 08:13:56.287" status="PASS"></status>
</kw>
<kw library="ArgParserKeywords" name="Get Digits">
<assign>
<var>${digits}</var>
</assign>
<msg level="INFO" timestamp="20160316 08:13:56.303">${digits} = 1</msg>
<status endtime="20160316 08:13:56.303" starttime="20160316 08:13:56.287" status="PASS"></status>
</kw>
<kw library="BuiltIn" name="Should Be Equal">
<doc>Fails if the given objects are unequal.</doc>
<arguments>
<arg>1</arg>
<arg>${digits}</arg>
</arguments>
<status endtime="20160316 08:13:56.303" starttime="20160316 08:13:56.303" status="PASS"></status>
</kw>
<status critical="yes" endtime="20160316 08:13:56.303" starttime="20160316 08:13:56.225" status="PASS"></status>
</test>
<status endtime="20160316 08:13:56.318" starttime="20160316 08:13:55.242" status="PASS"></status>
</suite>
<statistics>
<total>
<stat pass="11" fail="0">Critical Tests</stat>
<stat pass="11" fail="0">All Tests</stat>
</total>
<tag>
</tag>
<suite>
<stat pass="11" fail="0" name="ArgParserTest" id="s1">ArgParserTest</stat>
</suite>
</statistics>
<errors>
<msg level="WARN" timestamp="20160316 08:13:55.725">Keyword 'Get Length' found both from a custom test library 'ArgParserKeywords' and a standard library 'BuiltIn'. The custom keyword is used. To select explicitly, and to get rid of this warning, use either 'ArgParserKeywords.Get Length' or 'BuiltIn.Get Length'.</msg>
<msg level="WARN" timestamp="20160316 08:13:55.725">Keyword 'Get Length' found both from a custom test library 'ArgParserKeywords' and a standard library 'BuiltIn'. The custom keyword is used. To select explicitly, and to get rid of this warning, use either 'ArgParserKeywords.Get Length' or 'BuiltIn.Get Length'.</msg>
<msg level="WARN" timestamp="20160316 08:13:55.897">Keyword 'Get Length' found both from a custom test library 'ArgParserKeywords' and a standard library 'BuiltIn'. The custom keyword is used. To select explicitly, and to get rid of this warning, use either 'ArgParserKeywords.Get Length' or 'BuiltIn.Get Length'.</msg>
<msg level="WARN" timestamp="20160316 08:13:55.725">Keyword 'Get Length' found both from a custom test library 'ArgParserKeywords' and a standard library 'BuiltIn'. The custom keyword is used. To select explicitly, and to get rid of this warning, use either 'ArgParserKeywords.Get Length' or 'BuiltIn.Get Length'.</msg>
<msg level="WARN" timestamp="20160316 08:13:55.897">Keyword 'Get Length' found both from a custom test library 'ArgParserKeywords' and a standard library 'BuiltIn'. The custom keyword is used. To select explicitly, and to get rid of this warning, use either 'ArgParserKeywords.Get Length' or 'BuiltIn.Get Length'.</msg>
<msg level="WARN" timestamp="20160316 08:13:55.959">Keyword 'Get Length' found both from a custom test library 'ArgParserKeywords' and a standard library 'BuiltIn'. The custom keyword is used. To select explicitly, and to get rid of this warning, use either 'ArgParserKeywords.Get Length' or 'BuiltIn.Get Length'.</msg>
<msg level="WARN" timestamp="20160316 08:13:55.725">Keyword 'Get Length' found both from a custom test library 'ArgParserKeywords' and a standard library 'BuiltIn'. The custom keyword is used. To select explicitly, and to get rid of this warning, use either 'ArgParserKeywords.Get Length' or 'BuiltIn.Get Length'.</msg>
<msg level="WARN" timestamp="20160316 08:13:55.897">Keyword 'Get Length' found both from a custom test library 'ArgParserKeywords' and a standard library 'BuiltIn'. The custom keyword is used. To select explicitly, and to get rid of this warning, use either 'ArgParserKeywords.Get Length' or 'BuiltIn.Get Length'.</msg>
<msg level="WARN" timestamp="20160316 08:13:55.959">Keyword 'Get Length' found both from a custom test library 'ArgParserKeywords' and a standard library 'BuiltIn'. The custom keyword is used. To select explicitly, and to get rid of this warning, use either 'ArgParserKeywords.Get Length' or 'BuiltIn.Get Length'.</msg>
<msg level="WARN" timestamp="20160316 08:13:56.037">Keyword 'Get Length' found both from a custom test library 'ArgParserKeywords' and a standard library 'BuiltIn'. The custom keyword is used. To select explicitly, and to get rid of this warning, use either 'ArgParserKeywords.Get Length' or 'BuiltIn.Get Length'.</msg>
<msg level="WARN" timestamp="20160316 08:13:55.725">Keyword 'Get Length' found both from a custom test library 'ArgParserKeywords' and a standard library 'BuiltIn'. The custom keyword is used. To select explicitly, and to get rid of this warning, use either 'ArgParserKeywords.Get Length' or 'BuiltIn.Get Length'.</msg>
<msg level="WARN" timestamp="20160316 08:13:55.897">Keyword 'Get Length' found both from a custom test library 'ArgParserKeywords' and a standard library 'BuiltIn'. The custom keyword is used. To select explicitly, and to get rid of this warning, use either 'ArgParserKeywords.Get Length' or 'BuiltIn.Get Length'.</msg>
<msg level="WARN" timestamp="20160316 08:13:55.959">Keyword 'Get Length' found both from a custom test library 'ArgParserKeywords' and a standard library 'BuiltIn'. The custom keyword is used. To select explicitly, and to get rid of this warning, use either 'ArgParserKeywords.Get Length' or 'BuiltIn.Get Length'.</msg>
<msg level="WARN" timestamp="20160316 08:13:56.037">Keyword 'Get Length' found both from a custom test library 'ArgParserKeywords' and a standard library 'BuiltIn'. The custom keyword is used. To select explicitly, and to get rid of this warning, use either 'ArgParserKeywords.Get Length' or 'BuiltIn.Get Length'.</msg>
<msg level="WARN" timestamp="20160316 08:13:56.131">Keyword 'Get Length' found both from a custom test library 'ArgParserKeywords' and a standard library 'BuiltIn'. The custom keyword is used. To select explicitly, and to get rid of this warning, use either 'ArgParserKeywords.Get Length' or 'BuiltIn.Get Length'.</msg>
<msg level="WARN" timestamp="20160316 08:13:55.725">Keyword 'Get Length' found both from a custom test library 'ArgParserKeywords' and a standard library 'BuiltIn'. The custom keyword is used. To select explicitly, and to get rid of this warning, use either 'ArgParserKeywords.Get Length' or 'BuiltIn.Get Length'.</msg>
<msg level="WARN" timestamp="20160316 08:13:55.897">Keyword 'Get Length' found both from a custom test library 'ArgParserKeywords' and a standard library 'BuiltIn'. The custom keyword is used. To select explicitly, and to get rid of this warning, use either 'ArgParserKeywords.Get Length' or 'BuiltIn.Get Length'.</msg>
<msg level="WARN" timestamp="20160316 08:13:55.959">Keyword 'Get Length' found both from a custom test library 'ArgParserKeywords' and a standard library 'BuiltIn'. The custom keyword is used. To select explicitly, and to get rid of this warning, use either 'ArgParserKeywords.Get Length' or 'BuiltIn.Get Length'.</msg>
<msg level="WARN" timestamp="20160316 08:13:56.037">Keyword 'Get Length' found both from a custom test library 'ArgParserKeywords' and a standard library 'BuiltIn'. The custom keyword is used. To select explicitly, and to get rid of this warning, use either 'ArgParserKeywords.Get Length' or 'BuiltIn.Get Length'.</msg>
<msg level="WARN" timestamp="20160316 08:13:56.131">Keyword 'Get Length' found both from a custom test library 'ArgParserKeywords' and a standard library 'BuiltIn'. The custom keyword is used. To select explicitly, and to get rid of this warning, use either 'ArgParserKeywords.Get Length' or 'BuiltIn.Get Length'.</msg>
<msg level="WARN" timestamp="20160316 08:13:56.240">Keyword 'Get Length' found both from a custom test library 'ArgParserKeywords' and a standard library 'BuiltIn'. The custom keyword is used. To select explicitly, and to get rid of this warning, use either 'ArgParserKeywords.Get Length' or 'BuiltIn.Get Length'.</msg>
</errors>
</robot>
