<?xml version="1.0" encoding="UTF-8"?>
<robot generator="Robot 2.9 (Jython 2.7.0 on java1.8.0_60)" generated="20160215 13:35:14.775">
<suite source="C:\Users\Owner\Desktop\CS310\ArgParse\ArgParse\acceptance\ArgParserTest.txt" name="ArgParserTest" id="s1">
<test name="Test Volume Calculator Normal Function" id="s1-t1">
<kw library="ArgParserKeywords" name="Start Volume Calculator With Arguments">
<arguments>
<arg>7</arg>
<arg>5</arg>
<arg>2</arg>
</arguments>
<status endtime="20160215 13:35:15.945" starttime="20160215 13:35:15.929" status="PASS"></status>
</kw>
<kw library="ArgParserKeywords" name="Get Length">
<assign>
<var>${length}</var>
</assign>
<msg level="WARN" timestamp="20160215 13:35:15.960">Keyword 'Get Length' found both from a custom test library 'ArgParserKeywords' and a standard library 'BuiltIn'. The custom keyword is used. To select explicitly, and to get rid of this warning, use either 'ArgParserKeywords.Get Length' or 'BuiltIn.Get Length'.</msg>
<msg level="INFO" timestamp="20160215 13:35:15.976">${length} = 7</msg>
<status endtime="20160215 13:35:15.976" starttime="20160215 13:35:15.960" status="PASS"></status>
</kw>
<kw library="BuiltIn" name="Should Be Equal">
<doc>Fails if the given objects are unequal.</doc>
<arguments>
<arg>7</arg>
<arg>${length}</arg>
</arguments>
<status endtime="20160215 13:35:15.992" starttime="20160215 13:35:15.976" status="PASS"></status>
</kw>
<kw library="ArgParserKeywords" name="Get Width">
<assign>
<var>${width}</var>
</assign>
<msg level="INFO" timestamp="20160215 13:35:15.992">${width} = 5</msg>
<status endtime="20160215 13:35:16.007" starttime="20160215 13:35:15.992" status="PASS"></status>
</kw>
<kw library="BuiltIn" name="Should Be Equal">
<doc>Fails if the given objects are unequal.</doc>
<arguments>
<arg>5</arg>
<arg>${width}</arg>
</arguments>
<status endtime="20160215 13:35:16.023" starttime="20160215 13:35:16.007" status="PASS"></status>
</kw>
<kw library="ArgParserKeywords" name="Get Height">
<assign>
<var>${height}</var>
</assign>
<msg level="INFO" timestamp="20160215 13:35:16.038">${height} = 2</msg>
<status endtime="20160215 13:35:16.038" starttime="20160215 13:35:16.023" status="PASS"></status>
</kw>
<kw library="BuiltIn" name="Should Be Equal">
<doc>Fails if the given objects are unequal.</doc>
<arguments>
<arg>2</arg>
<arg>${height}</arg>
</arguments>
<status endtime="20160215 13:35:16.054" starttime="20160215 13:35:16.038" status="PASS"></status>
</kw>
<kw library="ArgParserKeywords" name="Get Program Output">
<assign>
<var>${output}</var>
</assign>
<msg level="INFO" timestamp="20160215 13:35:16.054">${output} = 70</msg>
<status endtime="20160215 13:35:16.054" starttime="20160215 13:35:16.054" status="PASS"></status>
</kw>
<kw library="BuiltIn" name="Should Be Equal">
<doc>Fails if the given objects are unequal.</doc>
<arguments>
<arg>${output}</arg>
<arg>70</arg>
</arguments>
<status endtime="20160215 13:35:16.070" starttime="20160215 13:35:16.070" status="PASS"></status>
</kw>
<status critical="yes" endtime="20160215 13:35:16.085" starttime="20160215 13:35:15.914" status="PASS"></status>
</test>
<test name="Test Unrecognized Argument" id="s1-t2">
<kw library="ArgParserKeywords" name="Start Volume Calculator With Arguments">
<arguments>
<arg>7</arg>
<arg>5</arg>
<arg>2</arg>
<arg>43</arg>
</arguments>
<status endtime="20160215 13:35:16.101" starttime="20160215 13:35:16.101" status="PASS"></status>
</kw>
<kw library="ArgParserKeywords" name="Get Program Output">
<assign>
<var>${output}</var>
</assign>
<msg level="INFO" timestamp="20160215 13:35:16.116">${output} = usage: java VolumeCalculator length width height
VolumeCalculator.java: error: unrecognized arguments: 43</msg>
<status endtime="20160215 13:35:16.116" starttime="20160215 13:35:16.116" status="PASS"></status>
</kw>
<kw library="BuiltIn" name="Should Be Equal">
<doc>Fails if the given objects are unequal.</doc>
<arguments>
<arg>${expected}</arg>
<arg>${output}</arg>
</arguments>
<status endtime="20160215 13:35:16.132" starttime="20160215 13:35:16.132" status="PASS"></status>
</kw>
<status critical="yes" endtime="20160215 13:35:16.148" starttime="20160215 13:35:16.085" status="PASS"></status>
</test>
<test name="Test Absurd Program Normal Function" id="s1-t3">
<kw library="ArgParserKeywords" name="Start Absurd Program With Arguments">
<arguments>
<arg>dog</arg>
<arg>2</arg>
<arg>true</arg>
<arg>3.5</arg>
</arguments>
<status endtime="20160215 13:35:16.163" starttime="20160215 13:35:16.163" status="PASS"></status>
</kw>
<kw library="ArgParserKeywords" name="Get Pet">
<assign>
<var>${pet}</var>
</assign>
<msg level="INFO" timestamp="20160215 13:35:16.179">${pet} = dog</msg>
<status endtime="20160215 13:35:16.179" starttime="20160215 13:35:16.179" status="PASS"></status>
</kw>
<kw library="BuiltIn" name="Should Be Equal">
<doc>Fails if the given objects are unequal.</doc>
<arguments>
<arg>dog</arg>
<arg>${pet}</arg>
</arguments>
<status endtime="20160215 13:35:16.194" starttime="20160215 13:35:16.194" status="PASS"></status>
</kw>
<kw library="ArgParserKeywords" name="Get Number">
<assign>
<var>${number}</var>
</assign>
<msg level="INFO" timestamp="20160215 13:35:16.210">${number} = 2</msg>
<status endtime="20160215 13:35:16.210" starttime="20160215 13:35:16.210" status="PASS"></status>
</kw>
<kw library="BuiltIn" name="Should Be Equal">
<doc>Fails if the given objects are unequal.</doc>
<arguments>
<arg>2</arg>
<arg>${number}</arg>
</arguments>
<status endtime="20160215 13:35:16.226" starttime="20160215 13:35:16.226" status="PASS"></status>
</kw>
<kw library="ArgParserKeywords" name="Get Rainy">
<assign>
<var>${rainy}</var>
</assign>
<msg level="INFO" timestamp="20160215 13:35:16.241">${rainy} = true</msg>
<status endtime="20160215 13:35:16.241" starttime="20160215 13:35:16.241" status="PASS"></status>
</kw>
<kw library="BuiltIn" name="Should Be Equal">
<doc>Fails if the given objects are unequal.</doc>
<arguments>
<arg>true</arg>
<arg>${rainy}</arg>
</arguments>
<status endtime="20160215 13:35:16.257" starttime="20160215 13:35:16.241" status="PASS"></status>
</kw>
<kw library="ArgParserKeywords" name="Get Bathrooms">
<assign>
<var>${bathrooms}</var>
</assign>
<msg level="INFO" timestamp="20160215 13:35:16.272">${bathrooms} = 3.5</msg>
<status endtime="20160215 13:35:16.272" starttime="20160215 13:35:16.257" status="PASS"></status>
</kw>
<kw library="BuiltIn" name="Should Be Equal">
<doc>Fails if the given objects are unequal.</doc>
<arguments>
<arg>3.5</arg>
<arg>${bathrooms}</arg>
</arguments>
<status endtime="20160215 13:35:16.288" starttime="20160215 13:35:16.272" status="PASS"></status>
</kw>
<status critical="yes" endtime="20160215 13:35:16.288" starttime="20160215 13:35:16.148" status="PASS"></status>
</test>
<test name="Test Usage Message" id="s1-t4">
<kw library="ArgParserKeywords" name="Start Program With Arguments">
<arguments>
<arg>-h</arg>
</arguments>
<status endtime="20160215 13:35:16.304" starttime="20160215 13:35:16.304" status="PASS"></status>
</kw>
<kw library="ArgParserKeywords" name="Get Program Output">
<assign>
<var>${output}</var>
</assign>
<msg level="INFO" timestamp="20160215 13:35:16.319">${output} = usage: java VolumeCalculator length width height
Calculate the volume of a box.
positional arguments:
length the length of the box (float)
width the width of the box (float)
height the height of the b...</msg>
<status endtime="20160215 13:35:16.319" starttime="20160215 13:35:16.304" status="PASS"></status>
</kw>
<kw library="BuiltIn" name="Should Be Equal">
<doc>Fails if the given objects are unequal.</doc>
<arguments>
<arg>${expectedB}</arg>
<arg>${output}</arg>
</arguments>
<status endtime="20160215 13:35:16.335" starttime="20160215 13:35:16.319" status="PASS"></status>
</kw>
<status critical="yes" endtime="20160215 13:35:16.335" starttime="20160215 13:35:16.288" status="PASS"></status>
</test>
<test name="Test Incorrect Datatype Message" id="s1-t5">
<kw library="ArgParserKeywords" name="Start Program With Arguments">
<arguments>
<arg>7</arg>
<arg>something</arg>
<arg>2</arg>
</arguments>
<status endtime="20160215 13:35:16.366" starttime="20160215 13:35:16.350" status="PASS"></status>
</kw>
<kw library="ArgParserKeywords" name="Get Program Output">
<assign>
<var>${output}</var>
</assign>
<msg level="INFO" timestamp="20160215 13:35:16.382">${output} = For input string: "something"</msg>
<status endtime="20160215 13:35:16.382" starttime="20160215 13:35:16.382" status="PASS"></status>
</kw>
<kw library="BuiltIn" name="Should Be Equal">
<doc>Fails if the given objects are unequal.</doc>
<arguments>
<arg>${expectedC}</arg>
<arg>${output}</arg>
</arguments>
<msg level="FAIL" timestamp="20160215 13:35:16.475">usage: java VolumeCalculator length width height
VolumeCalcultor.java: error: argument width: invalid float value: something != For input string: "something"</msg>
<status endtime="20160215 13:35:16.491" starttime="20160215 13:35:16.397" status="FAIL"></status>
</kw>
<status critical="yes" endtime="20160215 13:35:16.506" starttime="20160215 13:35:16.350" status="FAIL">usage: java VolumeCalculator length width height
VolumeCalcultor.java: error: argument width: invalid float value: something != For input string: "something"</status>
</test>
<status endtime="20160215 13:35:16.522" starttime="20160215 13:35:14.806" status="FAIL"></status>
</suite>
<statistics>
<total>
<stat pass="4" fail="1">Critical Tests</stat>
<stat pass="4" fail="1">All Tests</stat>
</total>
<tag>
</tag>
<suite>
<stat pass="4" fail="1" name="ArgParserTest" id="s1">ArgParserTest</stat>
</suite>
</statistics>
<errors>
<msg level="WARN" timestamp="20160215 13:35:15.960">Keyword 'Get Length' found both from a custom test library 'ArgParserKeywords' and a standard library 'BuiltIn'. The custom keyword is used. To select explicitly, and to get rid of this warning, use either 'ArgParserKeywords.Get Length' or 'BuiltIn.Get Length'.</msg>
</errors>
</robot>
