<?xml version="1.0" encoding="UTF-8"?>
<robot generator="Robot 2.9 (Jython 2.7.0 on java1.8.0_60)" generated="20160413 12:18:12.024">
<suite source="C:\Users\Owner\Desktop\CS310\ArgParse\ArgParse\ArgParse\acceptance\ArgParserTest.txt" name="ArgParserTest" id="s1">
<test name="Test Volume Calculator Normal Function" id="s1-t1">
<kw library="ArgParserKeywords" name="Start Volume Calculator With Arguments">
<arguments>
<arg>7</arg>
<arg>5</arg>
<arg>2</arg>
</arguments>
<status endtime="20160413 12:18:12.555" starttime="20160413 12:18:12.539" status="PASS"></status>
</kw>
<kw library="ArgParserKeywords" name="Get Length">
<assign>
<var>${length}</var>
</assign>
<msg level="WARN" timestamp="20160413 12:18:12.555">Keyword 'Get Length' found both from a custom test library 'ArgParserKeywords' and a standard library 'BuiltIn'. The custom keyword is used. To select explicitly, and to get rid of this warning, use either 'ArgParserKeywords.Get Length' or 'BuiltIn.Get Length'.</msg>
<msg level="INFO" timestamp="20160413 12:18:12.555">${length} = 7</msg>
<status endtime="20160413 12:18:12.555" starttime="20160413 12:18:12.555" status="PASS"></status>
</kw>
<kw library="BuiltIn" name="Should Be Equal">
<doc>Fails if the given objects are unequal.</doc>
<arguments>
<arg>7</arg>
<arg>${length}</arg>
</arguments>
<status endtime="20160413 12:18:12.570" starttime="20160413 12:18:12.555" status="PASS"></status>
</kw>
<kw library="ArgParserKeywords" name="Get Width">
<assign>
<var>${width}</var>
</assign>
<msg level="INFO" timestamp="20160413 12:18:12.570">${width} = 5</msg>
<status endtime="20160413 12:18:12.570" starttime="20160413 12:18:12.570" status="PASS"></status>
</kw>
<kw library="BuiltIn" name="Should Be Equal">
<doc>Fails if the given objects are unequal.</doc>
<arguments>
<arg>5</arg>
<arg>${width}</arg>
</arguments>
<status endtime="20160413 12:18:12.570" starttime="20160413 12:18:12.570" status="PASS"></status>
</kw>
<kw library="ArgParserKeywords" name="Get Height">
<assign>
<var>${height}</var>
</assign>
<msg level="INFO" timestamp="20160413 12:18:12.586">${height} = 2</msg>
<status endtime="20160413 12:18:12.586" starttime="20160413 12:18:12.586" status="PASS"></status>
</kw>
<kw library="BuiltIn" name="Should Be Equal">
<doc>Fails if the given objects are unequal.</doc>
<arguments>
<arg>2</arg>
<arg>${height}</arg>
</arguments>
<status endtime="20160413 12:18:12.586" starttime="20160413 12:18:12.586" status="PASS"></status>
</kw>
<kw library="ArgParserKeywords" name="Get Program Output">
<assign>
<var>${output}</var>
</assign>
<msg level="INFO" timestamp="20160413 12:18:12.601">${output} = 70</msg>
<status endtime="20160413 12:18:12.601" starttime="20160413 12:18:12.586" status="PASS"></status>
</kw>
<kw library="BuiltIn" name="Should Be Equal">
<doc>Fails if the given objects are unequal.</doc>
<arguments>
<arg>${output}</arg>
<arg>70</arg>
</arguments>
<status endtime="20160413 12:18:12.601" starttime="20160413 12:18:12.601" status="PASS"></status>
</kw>
<status critical="yes" endtime="20160413 12:18:12.601" starttime="20160413 12:18:12.523" status="PASS"></status>
</test>
<test name="Test Unrecognized Argument" id="s1-t2">
<kw library="ArgParserKeywords" name="Start Volume Calculator With Arguments">
<arguments>
<arg>7</arg>
<arg>5</arg>
<arg>2</arg>
<arg>43</arg>
</arguments>
<status endtime="20160413 12:18:12.617" starttime="20160413 12:18:12.617" status="PASS"></status>
</kw>
<kw library="ArgParserKeywords" name="Get Program Output">
<assign>
<var>${output}</var>
</assign>
<msg level="INFO" timestamp="20160413 12:18:12.617">${output} = usage: java VolumeCalculator length width height
VolumeCalculator.java: error: unrecognized arguments: 43</msg>
<status endtime="20160413 12:18:12.617" starttime="20160413 12:18:12.617" status="PASS"></status>
</kw>
<kw library="BuiltIn" name="Should Be Equal">
<doc>Fails if the given objects are unequal.</doc>
<arguments>
<arg>${expected}</arg>
<arg>${output}</arg>
</arguments>
<status endtime="20160413 12:18:12.633" starttime="20160413 12:18:12.617" status="PASS"></status>
</kw>
<status critical="yes" endtime="20160413 12:18:12.633" starttime="20160413 12:18:12.601" status="PASS"></status>
</test>
<test name="Test Absurd Program Normal Function" id="s1-t3">
<kw library="ArgParserKeywords" name="Start Absurd Program With Arguments">
<arguments>
<arg>dog</arg>
<arg>2</arg>
<arg>true</arg>
<arg>3.5</arg>
</arguments>
<status endtime="20160413 12:18:12.633" starttime="20160413 12:18:12.633" status="PASS"></status>
</kw>
<kw library="ArgParserKeywords" name="Get Pet">
<assign>
<var>${pet}</var>
</assign>
<msg level="INFO" timestamp="20160413 12:18:12.648">${pet} = dog</msg>
<status endtime="20160413 12:18:12.648" starttime="20160413 12:18:12.633" status="PASS"></status>
</kw>
<kw library="BuiltIn" name="Should Be Equal">
<doc>Fails if the given objects are unequal.</doc>
<arguments>
<arg>dog</arg>
<arg>${pet}</arg>
</arguments>
<status endtime="20160413 12:18:12.648" starttime="20160413 12:18:12.648" status="PASS"></status>
</kw>
<kw library="ArgParserKeywords" name="Get Number">
<assign>
<var>${number}</var>
</assign>
<msg level="INFO" timestamp="20160413 12:18:12.648">${number} = 2</msg>
<status endtime="20160413 12:18:12.648" starttime="20160413 12:18:12.648" status="PASS"></status>
</kw>
<kw library="BuiltIn" name="Should Be Equal">
<doc>Fails if the given objects are unequal.</doc>
<arguments>
<arg>2</arg>
<arg>${number}</arg>
</arguments>
<status endtime="20160413 12:18:12.664" starttime="20160413 12:18:12.664" status="PASS"></status>
</kw>
<kw library="ArgParserKeywords" name="Get Rainy">
<assign>
<var>${rainy}</var>
</assign>
<msg level="INFO" timestamp="20160413 12:18:12.664">${rainy} = true</msg>
<status endtime="20160413 12:18:12.664" starttime="20160413 12:18:12.664" status="PASS"></status>
</kw>
<kw library="BuiltIn" name="Should Be Equal">
<doc>Fails if the given objects are unequal.</doc>
<arguments>
<arg>true</arg>
<arg>${rainy}</arg>
</arguments>
<status endtime="20160413 12:18:12.679" starttime="20160413 12:18:12.664" status="PASS"></status>
</kw>
<kw library="ArgParserKeywords" name="Get Bathrooms">
<assign>
<var>${bathrooms}</var>
</assign>
<msg level="INFO" timestamp="20160413 12:18:12.679">${bathrooms} = 3.5</msg>
<status endtime="20160413 12:18:12.679" starttime="20160413 12:18:12.679" status="PASS"></status>
</kw>
<kw library="BuiltIn" name="Should Be Equal">
<doc>Fails if the given objects are unequal.</doc>
<arguments>
<arg>3.5</arg>
<arg>${bathrooms}</arg>
</arguments>
<status endtime="20160413 12:18:12.679" starttime="20160413 12:18:12.679" status="PASS"></status>
</kw>
<status critical="yes" endtime="20160413 12:18:12.695" starttime="20160413 12:18:12.633" status="PASS"></status>
</test>
<test name="Test Usage Message" id="s1-t4">
<kw library="ArgParserKeywords" name="Start Program With Arguments">
<arguments>
<arg>-h</arg>
</arguments>
<status endtime="20160413 12:18:12.695" starttime="20160413 12:18:12.695" status="PASS"></status>
</kw>
<kw library="ArgParserKeywords" name="Get Program Output">
<assign>
<var>${output}</var>
</assign>
<msg level="INFO" timestamp="20160413 12:18:12.711">${output} = usage: java VolumeCalculator length width height
Calculate the volume of a box.
positional arguments:
length the length of the box (float)
width the width of the box (float)
height the height of the b...</msg>
<status endtime="20160413 12:18:12.711" starttime="20160413 12:18:12.711" status="PASS"></status>
</kw>
<kw library="BuiltIn" name="Should Be Equal">
<doc>Fails if the given objects are unequal.</doc>
<arguments>
<arg>${expectedB}</arg>
<arg>${output}</arg>
</arguments>
<status endtime="20160413 12:18:12.711" starttime="20160413 12:18:12.711" status="PASS"></status>
</kw>
<status critical="yes" endtime="20160413 12:18:12.711" starttime="20160413 12:18:12.695" status="PASS"></status>
</test>
<test name="Test Incorrect Datatype Message" id="s1-t5">
<kw library="ArgParserKeywords" name="Start Program With Arguments">
<arguments>
<arg>7</arg>
<arg>something</arg>
<arg>2</arg>
</arguments>
<status endtime="20160413 12:18:12.726" starttime="20160413 12:18:12.726" status="PASS"></status>
</kw>
<kw library="ArgParserKeywords" name="Get Program Output">
<assign>
<var>${output}</var>
</assign>
<msg level="INFO" timestamp="20160413 12:18:12.726">${output} = usage: java VolumeCalculator length width height
VolumeCalculator.java: error: argument width: invalid float value: something</msg>
<status endtime="20160413 12:18:12.726" starttime="20160413 12:18:12.726" status="PASS"></status>
</kw>
<kw library="BuiltIn" name="Should Be Equal">
<doc>Fails if the given objects are unequal.</doc>
<arguments>
<arg>${expectedC}</arg>
<arg>${output}</arg>
</arguments>
<status endtime="20160413 12:18:12.742" starttime="20160413 12:18:12.742" status="PASS"></status>
</kw>
<status critical="yes" endtime="20160413 12:18:12.742" starttime="20160413 12:18:12.726" status="PASS"></status>
</test>
<test name="Test Named Argument Defaults" id="s1-t6">
<kw library="ArgParserKeywords" name="Start Volume Calcuator With Arguments">
<arguments>
<arg>7</arg>
<arg>3</arg>
<arg>2</arg>
</arguments>
<status endtime="20160413 12:18:12.757" starttime="20160413 12:18:12.742" status="PASS"></status>
</kw>
<kw library="ArgParserKeywords" name="Get Length">
<assign>
<var>${length}</var>
</assign>
<msg level="WARN" timestamp="20160413 12:18:12.555">Keyword 'Get Length' found both from a custom test library 'ArgParserKeywords' and a standard library 'BuiltIn'. The custom keyword is used. To select explicitly, and to get rid of this warning, use either 'ArgParserKeywords.Get Length' or 'BuiltIn.Get Length'.</msg>
<msg level="WARN" timestamp="20160413 12:18:12.757">Keyword 'Get Length' found both from a custom test library 'ArgParserKeywords' and a standard library 'BuiltIn'. The custom keyword is used. To select explicitly, and to get rid of this warning, use either 'ArgParserKeywords.Get Length' or 'BuiltIn.Get Length'.</msg>
<msg level="INFO" timestamp="20160413 12:18:12.757">${length} = 7</msg>
<status endtime="20160413 12:18:12.757" starttime="20160413 12:18:12.757" status="PASS"></status>
</kw>
<kw library="BuiltIn" name="Should Be Equal">
<doc>Fails if the given objects are unequal.</doc>
<arguments>
<arg>7</arg>
<arg>${length}</arg>
</arguments>
<status endtime="20160413 12:18:12.773" starttime="20160413 12:18:12.757" status="PASS"></status>
</kw>
<kw library="ArgParserKeywords" name="Get Width">
<assign>
<var>${width}</var>
</assign>
<msg level="INFO" timestamp="20160413 12:18:12.773">${width} = 3</msg>
<status endtime="20160413 12:18:12.773" starttime="20160413 12:18:12.773" status="PASS"></status>
</kw>
<kw library="BuiltIn" name="Should Be Equal">
<doc>Fails if the given objects are unequal.</doc>
<arguments>
<arg>3</arg>
<arg>${width}</arg>
</arguments>
<status endtime="20160413 12:18:12.789" starttime="20160413 12:18:12.773" status="PASS"></status>
</kw>
<kw library="ArgParserKeywords" name="Get Height">
<assign>
<var>${height}</var>
</assign>
<msg level="INFO" timestamp="20160413 12:18:12.789">${height} = 2</msg>
<status endtime="20160413 12:18:12.789" starttime="20160413 12:18:12.789" status="PASS"></status>
</kw>
<kw library="BuiltIn" name="Should Be Equal">
<doc>Fails if the given objects are unequal.</doc>
<arguments>
<arg>2</arg>
<arg>${height}</arg>
</arguments>
<status endtime="20160413 12:18:12.804" starttime="20160413 12:18:12.804" status="PASS"></status>
</kw>
<kw library="ArgParserKeywords" name="Get Type">
<assign>
<var>${type}</var>
</assign>
<msg level="INFO" timestamp="20160413 12:18:12.804">${type} = box</msg>
<status endtime="20160413 12:18:12.804" starttime="20160413 12:18:12.804" status="PASS"></status>
</kw>
<kw library="BuiltIn" name="Should Be Equal">
<doc>Fails if the given objects are unequal.</doc>
<arguments>
<arg>box</arg>
<arg>${type}</arg>
</arguments>
<status endtime="20160413 12:18:12.820" starttime="20160413 12:18:12.820" status="PASS"></status>
</kw>
<kw library="ArgParserKeywords" name="Get Digits">
<assign>
<var>${digits}</var>
</assign>
<msg level="INFO" timestamp="20160413 12:18:12.820">${digits} = 4</msg>
<status endtime="20160413 12:18:12.820" starttime="20160413 12:18:12.820" status="PASS"></status>
</kw>
<kw library="BuiltIn" name="Should Be Equal">
<doc>Fails if the given objects are unequal.</doc>
<arguments>
<arg>4</arg>
<arg>${digits}</arg>
</arguments>
<status endtime="20160413 12:18:12.835" starttime="20160413 12:18:12.820" status="PASS"></status>
</kw>
<status critical="yes" endtime="20160413 12:18:12.835" starttime="20160413 12:18:12.742" status="PASS"></status>
</test>
<test name="Test Named Argument Single" id="s1-t7">
<kw library="ArgParserKeywords" name="Start Volume Calcuator With Arguments">
<arguments>
<arg>7</arg>
<arg>3</arg>
<arg>2</arg>
<arg>--type</arg>
<arg>ellipsoid</arg>
</arguments>
<status endtime="20160413 12:18:12.835" starttime="20160413 12:18:12.835" status="PASS"></status>
</kw>
<kw library="ArgParserKeywords" name="Get Length">
<assign>
<var>${length}</var>
</assign>
<msg level="WARN" timestamp="20160413 12:18:12.555">Keyword 'Get Length' found both from a custom test library 'ArgParserKeywords' and a standard library 'BuiltIn'. The custom keyword is used. To select explicitly, and to get rid of this warning, use either 'ArgParserKeywords.Get Length' or 'BuiltIn.Get Length'.</msg>
<msg level="WARN" timestamp="20160413 12:18:12.757">Keyword 'Get Length' found both from a custom test library 'ArgParserKeywords' and a standard library 'BuiltIn'. The custom keyword is used. To select explicitly, and to get rid of this warning, use either 'ArgParserKeywords.Get Length' or 'BuiltIn.Get Length'.</msg>
<msg level="WARN" timestamp="20160413 12:18:12.835">Keyword 'Get Length' found both from a custom test library 'ArgParserKeywords' and a standard library 'BuiltIn'. The custom keyword is used. To select explicitly, and to get rid of this warning, use either 'ArgParserKeywords.Get Length' or 'BuiltIn.Get Length'.</msg>
<msg level="INFO" timestamp="20160413 12:18:12.851">${length} = 7</msg>
<status endtime="20160413 12:18:12.851" starttime="20160413 12:18:12.835" status="PASS"></status>
</kw>
<kw library="BuiltIn" name="Should Be Equal">
<doc>Fails if the given objects are unequal.</doc>
<arguments>
<arg>7</arg>
<arg>${length}</arg>
</arguments>
<status endtime="20160413 12:18:12.851" starttime="20160413 12:18:12.851" status="PASS"></status>
</kw>
<kw library="ArgParserKeywords" name="Get Width">
<assign>
<var>${width}</var>
</assign>
<msg level="INFO" timestamp="20160413 12:18:12.867">${width} = 3</msg>
<status endtime="20160413 12:18:12.867" starttime="20160413 12:18:12.851" status="PASS"></status>
</kw>
<kw library="BuiltIn" name="Should Be Equal">
<doc>Fails if the given objects are unequal.</doc>
<arguments>
<arg>3</arg>
<arg>${width}</arg>
</arguments>
<status endtime="20160413 12:18:12.867" starttime="20160413 12:18:12.867" status="PASS"></status>
</kw>
<kw library="ArgParserKeywords" name="Get Height">
<assign>
<var>${height}</var>
</assign>
<msg level="INFO" timestamp="20160413 12:18:12.867">${height} = 2</msg>
<status endtime="20160413 12:18:12.867" starttime="20160413 12:18:12.867" status="PASS"></status>
</kw>
<kw library="BuiltIn" name="Should Be Equal">
<doc>Fails if the given objects are unequal.</doc>
<arguments>
<arg>2</arg>
<arg>${height}</arg>
</arguments>
<status endtime="20160413 12:18:12.882" starttime="20160413 12:18:12.867" status="PASS"></status>
</kw>
<kw library="ArgParserKeywords" name="Get Type">
<assign>
<var>${type}</var>
</assign>
<msg level="INFO" timestamp="20160413 12:18:12.882">${type} = ellipsoid</msg>
<status endtime="20160413 12:18:12.882" starttime="20160413 12:18:12.882" status="PASS"></status>
</kw>
<kw library="BuiltIn" name="Should Be Equal">
<doc>Fails if the given objects are unequal.</doc>
<arguments>
<arg>ellipsoid</arg>
<arg>${type}</arg>
</arguments>
<status endtime="20160413 12:18:12.882" starttime="20160413 12:18:12.882" status="PASS"></status>
</kw>
<kw library="ArgParserKeywords" name="Get Digits">
<assign>
<var>${digits}</var>
</assign>
<msg level="INFO" timestamp="20160413 12:18:12.898">${digits} = 4</msg>
<status endtime="20160413 12:18:12.898" starttime="20160413 12:18:12.882" status="PASS"></status>
</kw>
<kw library="BuiltIn" name="Should Be Equal">
<doc>Fails if the given objects are unequal.</doc>
<arguments>
<arg>4</arg>
<arg>${digits}</arg>
</arguments>
<status endtime="20160413 12:18:12.898" starttime="20160413 12:18:12.898" status="PASS"></status>
</kw>
<status critical="yes" endtime="20160413 12:18:12.898" starttime="20160413 12:18:12.835" status="PASS"></status>
</test>
<test name="Test Named Argument Multiple" id="s1-t8">
<kw library="ArgParserKeywords" name="Start Volume Calcuator With Arguments">
<arguments>
<arg>7</arg>
<arg>3</arg>
<arg>2</arg>
<arg>--type</arg>
<arg>ellipsoid</arg>
<arg>--digits</arg>
<arg>1</arg>
</arguments>
<status endtime="20160413 12:18:12.913" starttime="20160413 12:18:12.913" status="PASS"></status>
</kw>
<kw library="ArgParserKeywords" name="Get Length">
<assign>
<var>${length}</var>
</assign>
<msg level="WARN" timestamp="20160413 12:18:12.555">Keyword 'Get Length' found both from a custom test library 'ArgParserKeywords' and a standard library 'BuiltIn'. The custom keyword is used. To select explicitly, and to get rid of this warning, use either 'ArgParserKeywords.Get Length' or 'BuiltIn.Get Length'.</msg>
<msg level="WARN" timestamp="20160413 12:18:12.757">Keyword 'Get Length' found both from a custom test library 'ArgParserKeywords' and a standard library 'BuiltIn'. The custom keyword is used. To select explicitly, and to get rid of this warning, use either 'ArgParserKeywords.Get Length' or 'BuiltIn.Get Length'.</msg>
<msg level="WARN" timestamp="20160413 12:18:12.835">Keyword 'Get Length' found both from a custom test library 'ArgParserKeywords' and a standard library 'BuiltIn'. The custom keyword is used. To select explicitly, and to get rid of this warning, use either 'ArgParserKeywords.Get Length' or 'BuiltIn.Get Length'.</msg>
<msg level="WARN" timestamp="20160413 12:18:12.913">Keyword 'Get Length' found both from a custom test library 'ArgParserKeywords' and a standard library 'BuiltIn'. The custom keyword is used. To select explicitly, and to get rid of this warning, use either 'ArgParserKeywords.Get Length' or 'BuiltIn.Get Length'.</msg>
<msg level="INFO" timestamp="20160413 12:18:12.929">${length} = 7</msg>
<status endtime="20160413 12:18:12.929" starttime="20160413 12:18:12.913" status="PASS"></status>
</kw>
<kw library="BuiltIn" name="Should Be Equal">
<doc>Fails if the given objects are unequal.</doc>
<arguments>
<arg>7</arg>
<arg>${length}</arg>
</arguments>
<status endtime="20160413 12:18:12.929" starttime="20160413 12:18:12.929" status="PASS"></status>
</kw>
<kw library="ArgParserKeywords" name="Get Width">
<assign>
<var>${width}</var>
</assign>
<msg level="INFO" timestamp="20160413 12:18:12.929">${width} = 3</msg>
<status endtime="20160413 12:18:12.929" starttime="20160413 12:18:12.929" status="PASS"></status>
</kw>
<kw library="BuiltIn" name="Should Be Equal">
<doc>Fails if the given objects are unequal.</doc>
<arguments>
<arg>3</arg>
<arg>${width}</arg>
</arguments>
<status endtime="20160413 12:18:12.945" starttime="20160413 12:18:12.945" status="PASS"></status>
</kw>
<kw library="ArgParserKeywords" name="Get Height">
<assign>
<var>${height}</var>
</assign>
<msg level="INFO" timestamp="20160413 12:18:12.945">${height} = 2</msg>
<status endtime="20160413 12:18:12.945" starttime="20160413 12:18:12.945" status="PASS"></status>
</kw>
<kw library="BuiltIn" name="Should Be Equal">
<doc>Fails if the given objects are unequal.</doc>
<arguments>
<arg>2</arg>
<arg>${height}</arg>
</arguments>
<status endtime="20160413 12:18:12.945" starttime="20160413 12:18:12.945" status="PASS"></status>
</kw>
<kw library="ArgParserKeywords" name="Get Type">
<assign>
<var>${type}</var>
</assign>
<msg level="INFO" timestamp="20160413 12:18:12.960">${type} = ellipsoid</msg>
<status endtime="20160413 12:18:12.960" starttime="20160413 12:18:12.960" status="PASS"></status>
</kw>
<kw library="BuiltIn" name="Should Be Equal">
<doc>Fails if the given objects are unequal.</doc>
<arguments>
<arg>ellipsoid</arg>
<arg>${type}</arg>
</arguments>
<status endtime="20160413 12:18:12.960" starttime="20160413 12:18:12.960" status="PASS"></status>
</kw>
<kw library="ArgParserKeywords" name="Get Digits">
<assign>
<var>${digits}</var>
</assign>
<msg level="INFO" timestamp="20160413 12:18:12.960">${digits} = 1</msg>
<status endtime="20160413 12:18:12.960" starttime="20160413 12:18:12.960" status="PASS"></status>
</kw>
<kw library="BuiltIn" name="Should Be Equal">
<doc>Fails if the given objects are unequal.</doc>
<arguments>
<arg>1</arg>
<arg>${digits}</arg>
</arguments>
<status endtime="20160413 12:18:12.976" starttime="20160413 12:18:12.976" status="PASS"></status>
</kw>
<status critical="yes" endtime="20160413 12:18:12.976" starttime="20160413 12:18:12.898" status="PASS"></status>
</test>
<test name="Test Named Argument Anywhere" id="s1-t9">
<kw library="ArgParserKeywords" name="Start Volume Calcuator With Arguments">
<arguments>
<arg>--type</arg>
<arg>ellipsoid</arg>
<arg>7</arg>
<arg>3</arg>
<arg>--digits</arg>
<arg>1</arg>
<arg>2</arg>
</arguments>
<status endtime="20160413 12:18:12.991" starttime="20160413 12:18:12.976" status="PASS"></status>
</kw>
<kw library="ArgParserKeywords" name="Get Length">
<assign>
<var>${length}</var>
</assign>
<msg level="WARN" timestamp="20160413 12:18:12.555">Keyword 'Get Length' found both from a custom test library 'ArgParserKeywords' and a standard library 'BuiltIn'. The custom keyword is used. To select explicitly, and to get rid of this warning, use either 'ArgParserKeywords.Get Length' or 'BuiltIn.Get Length'.</msg>
<msg level="WARN" timestamp="20160413 12:18:12.757">Keyword 'Get Length' found both from a custom test library 'ArgParserKeywords' and a standard library 'BuiltIn'. The custom keyword is used. To select explicitly, and to get rid of this warning, use either 'ArgParserKeywords.Get Length' or 'BuiltIn.Get Length'.</msg>
<msg level="WARN" timestamp="20160413 12:18:12.835">Keyword 'Get Length' found both from a custom test library 'ArgParserKeywords' and a standard library 'BuiltIn'. The custom keyword is used. To select explicitly, and to get rid of this warning, use either 'ArgParserKeywords.Get Length' or 'BuiltIn.Get Length'.</msg>
<msg level="WARN" timestamp="20160413 12:18:12.913">Keyword 'Get Length' found both from a custom test library 'ArgParserKeywords' and a standard library 'BuiltIn'. The custom keyword is used. To select explicitly, and to get rid of this warning, use either 'ArgParserKeywords.Get Length' or 'BuiltIn.Get Length'.</msg>
<msg level="WARN" timestamp="20160413 12:18:12.991">Keyword 'Get Length' found both from a custom test library 'ArgParserKeywords' and a standard library 'BuiltIn'. The custom keyword is used. To select explicitly, and to get rid of this warning, use either 'ArgParserKeywords.Get Length' or 'BuiltIn.Get Length'.</msg>
<msg level="INFO" timestamp="20160413 12:18:13.007">${length} = 7</msg>
<status endtime="20160413 12:18:13.007" starttime="20160413 12:18:12.991" status="PASS"></status>
</kw>
<kw library="BuiltIn" name="Should Be Equal">
<doc>Fails if the given objects are unequal.</doc>
<arguments>
<arg>7</arg>
<arg>${length}</arg>
</arguments>
<status endtime="20160413 12:18:13.007" starttime="20160413 12:18:13.007" status="PASS"></status>
</kw>
<kw library="ArgParserKeywords" name="Get Width">
<assign>
<var>${width}</var>
</assign>
<msg level="INFO" timestamp="20160413 12:18:13.023">${width} = 3</msg>
<status endtime="20160413 12:18:13.023" starttime="20160413 12:18:13.023" status="PASS"></status>
</kw>
<kw library="BuiltIn" name="Should Be Equal">
<doc>Fails if the given objects are unequal.</doc>
<arguments>
<arg>3</arg>
<arg>${width}</arg>
</arguments>
<status endtime="20160413 12:18:13.023" starttime="20160413 12:18:13.023" status="PASS"></status>
</kw>
<kw library="ArgParserKeywords" name="Get Height">
<assign>
<var>${height}</var>
</assign>
<msg level="INFO" timestamp="20160413 12:18:13.038">${height} = 2</msg>
<status endtime="20160413 12:18:13.038" starttime="20160413 12:18:13.038" status="PASS"></status>
</kw>
<kw library="BuiltIn" name="Should Be Equal">
<doc>Fails if the given objects are unequal.</doc>
<arguments>
<arg>2</arg>
<arg>${height}</arg>
</arguments>
<status endtime="20160413 12:18:13.038" starttime="20160413 12:18:13.038" status="PASS"></status>
</kw>
<kw library="ArgParserKeywords" name="Get Type">
<assign>
<var>${type}</var>
</assign>
<msg level="INFO" timestamp="20160413 12:18:13.054">${type} = ellipsoid</msg>
<status endtime="20160413 12:18:13.054" starttime="20160413 12:18:13.038" status="PASS"></status>
</kw>
<kw library="BuiltIn" name="Should Be Equal">
<doc>Fails if the given objects are unequal.</doc>
<arguments>
<arg>ellipsoid</arg>
<arg>${type}</arg>
</arguments>
<status endtime="20160413 12:18:13.054" starttime="20160413 12:18:13.054" status="PASS"></status>
</kw>
<kw library="ArgParserKeywords" name="Get Digits">
<assign>
<var>${digits}</var>
</assign>
<msg level="INFO" timestamp="20160413 12:18:13.069">${digits} = 1</msg>
<status endtime="20160413 12:18:13.069" starttime="20160413 12:18:13.054" status="PASS"></status>
</kw>
<kw library="BuiltIn" name="Should Be Equal">
<doc>Fails if the given objects are unequal.</doc>
<arguments>
<arg>1</arg>
<arg>${digits}</arg>
</arguments>
<status endtime="20160413 12:18:13.069" starttime="20160413 12:18:13.069" status="PASS"></status>
</kw>
<status critical="yes" endtime="20160413 12:18:13.069" starttime="20160413 12:18:12.976" status="PASS"></status>
</test>
<test name="Test Help Flag" id="s1-t10">
<kw library="ArgParserKeywords" name="Start Program With Arguments">
<arguments>
<arg>7</arg>
<arg>--help</arg>
<arg>3</arg>
<arg>2</arg>
</arguments>
<status endtime="20160413 12:18:13.085" starttime="20160413 12:18:13.085" status="PASS"></status>
</kw>
<kw library="ArgParserKeywords" name="Get Program Output">
<assign>
<var>${output}</var>
</assign>
<msg level="INFO" timestamp="20160413 12:18:13.085">${output} = usage: java VolumeCalculator length width height
Calculate the volume of a box.
positional arguments:
length the length of the box (float)
width the width of the box (float)
height the height of the b...</msg>
<status endtime="20160413 12:18:13.085" starttime="20160413 12:18:13.085" status="PASS"></status>
</kw>
<kw library="BuiltIn" name="Should Be Equal">
<doc>Fails if the given objects are unequal.</doc>
<arguments>
<arg>${expectedD}</arg>
<arg>${output}</arg>
</arguments>
<status endtime="20160413 12:18:13.085" starttime="20160413 12:18:13.085" status="PASS"></status>
</kw>
<status critical="yes" endtime="20160413 12:18:13.101" starttime="20160413 12:18:13.069" status="PASS"></status>
</test>
<test name="Test Short Form Arguments" id="s1-t11">
<kw library="ArgParserKeywords" name="Start Volume Calcuator With Arguments">
<arguments>
<arg>-t</arg>
<arg>ellipsoid</arg>
<arg>7</arg>
<arg>3</arg>
<arg>-d</arg>
<arg>1</arg>
<arg>2</arg>
</arguments>
<status endtime="20160413 12:18:13.101" starttime="20160413 12:18:13.101" status="PASS"></status>
</kw>
<kw library="ArgParserKeywords" name="Get Length">
<assign>
<var>${length}</var>
</assign>
<msg level="WARN" timestamp="20160413 12:18:12.555">Keyword 'Get Length' found both from a custom test library 'ArgParserKeywords' and a standard library 'BuiltIn'. The custom keyword is used. To select explicitly, and to get rid of this warning, use either 'ArgParserKeywords.Get Length' or 'BuiltIn.Get Length'.</msg>
<msg level="WARN" timestamp="20160413 12:18:12.757">Keyword 'Get Length' found both from a custom test library 'ArgParserKeywords' and a standard library 'BuiltIn'. The custom keyword is used. To select explicitly, and to get rid of this warning, use either 'ArgParserKeywords.Get Length' or 'BuiltIn.Get Length'.</msg>
<msg level="WARN" timestamp="20160413 12:18:12.835">Keyword 'Get Length' found both from a custom test library 'ArgParserKeywords' and a standard library 'BuiltIn'. The custom keyword is used. To select explicitly, and to get rid of this warning, use either 'ArgParserKeywords.Get Length' or 'BuiltIn.Get Length'.</msg>
<msg level="WARN" timestamp="20160413 12:18:12.913">Keyword 'Get Length' found both from a custom test library 'ArgParserKeywords' and a standard library 'BuiltIn'. The custom keyword is used. To select explicitly, and to get rid of this warning, use either 'ArgParserKeywords.Get Length' or 'BuiltIn.Get Length'.</msg>
<msg level="WARN" timestamp="20160413 12:18:12.991">Keyword 'Get Length' found both from a custom test library 'ArgParserKeywords' and a standard library 'BuiltIn'. The custom keyword is used. To select explicitly, and to get rid of this warning, use either 'ArgParserKeywords.Get Length' or 'BuiltIn.Get Length'.</msg>
<msg level="WARN" timestamp="20160413 12:18:13.116">Keyword 'Get Length' found both from a custom test library 'ArgParserKeywords' and a standard library 'BuiltIn'. The custom keyword is used. To select explicitly, and to get rid of this warning, use either 'ArgParserKeywords.Get Length' or 'BuiltIn.Get Length'.</msg>
<msg level="INFO" timestamp="20160413 12:18:13.132">${length} = 7</msg>
<status endtime="20160413 12:18:13.132" starttime="20160413 12:18:13.116" status="PASS"></status>
</kw>
<kw library="BuiltIn" name="Should Be Equal">
<doc>Fails if the given objects are unequal.</doc>
<arguments>
<arg>7</arg>
<arg>${length}</arg>
</arguments>
<status endtime="20160413 12:18:13.132" starttime="20160413 12:18:13.132" status="PASS"></status>
</kw>
<kw library="ArgParserKeywords" name="Get Width">
<assign>
<var>${width}</var>
</assign>
<msg level="INFO" timestamp="20160413 12:18:13.132">${width} = 3</msg>
<status endtime="20160413 12:18:13.132" starttime="20160413 12:18:13.132" status="PASS"></status>
</kw>
<kw library="BuiltIn" name="Should Be Equal">
<doc>Fails if the given objects are unequal.</doc>
<arguments>
<arg>3</arg>
<arg>${width}</arg>
</arguments>
<status endtime="20160413 12:18:13.147" starttime="20160413 12:18:13.132" status="PASS"></status>
</kw>
<kw library="ArgParserKeywords" name="Get Height">
<assign>
<var>${height}</var>
</assign>
<msg level="INFO" timestamp="20160413 12:18:13.147">${height} = 2</msg>
<status endtime="20160413 12:18:13.147" starttime="20160413 12:18:13.147" status="PASS"></status>
</kw>
<kw library="BuiltIn" name="Should Be Equal">
<doc>Fails if the given objects are unequal.</doc>
<arguments>
<arg>2</arg>
<arg>${height}</arg>
</arguments>
<status endtime="20160413 12:18:13.147" starttime="20160413 12:18:13.147" status="PASS"></status>
</kw>
<kw library="ArgParserKeywords" name="Get Type">
<assign>
<var>${type}</var>
</assign>
<msg level="INFO" timestamp="20160413 12:18:13.163">${type} = ellipsoid</msg>
<status endtime="20160413 12:18:13.163" starttime="20160413 12:18:13.163" status="PASS"></status>
</kw>
<kw library="BuiltIn" name="Should Be Equal">
<doc>Fails if the given objects are unequal.</doc>
<arguments>
<arg>ellipsoid</arg>
<arg>${type}</arg>
</arguments>
<status endtime="20160413 12:18:13.163" starttime="20160413 12:18:13.163" status="PASS"></status>
</kw>
<kw library="ArgParserKeywords" name="Get Digits">
<assign>
<var>${digits}</var>
</assign>
<msg level="INFO" timestamp="20160413 12:18:13.163">${digits} = 1</msg>
<status endtime="20160413 12:18:13.163" starttime="20160413 12:18:13.163" status="PASS"></status>
</kw>
<kw library="BuiltIn" name="Should Be Equal">
<doc>Fails if the given objects are unequal.</doc>
<arguments>
<arg>1</arg>
<arg>${digits}</arg>
</arguments>
<status endtime="20160413 12:18:13.179" starttime="20160413 12:18:13.163" status="PASS"></status>
</kw>
<status critical="yes" endtime="20160413 12:18:13.179" starttime="20160413 12:18:13.101" status="PASS"></status>
</test>
<status endtime="20160413 12:18:13.179" starttime="20160413 12:18:12.040" status="PASS"></status>
</suite>
<statistics>
<total>
<stat pass="11" fail="0">Critical Tests</stat>
<stat pass="11" fail="0">All Tests</stat>
</total>
<tag>
</tag>
<suite>
<stat pass="11" fail="0" name="ArgParserTest" id="s1">ArgParserTest</stat>
</suite>
</statistics>
<errors>
<msg level="WARN" timestamp="20160413 12:18:12.555">Keyword 'Get Length' found both from a custom test library 'ArgParserKeywords' and a standard library 'BuiltIn'. The custom keyword is used. To select explicitly, and to get rid of this warning, use either 'ArgParserKeywords.Get Length' or 'BuiltIn.Get Length'.</msg>
<msg level="WARN" timestamp="20160413 12:18:12.555">Keyword 'Get Length' found both from a custom test library 'ArgParserKeywords' and a standard library 'BuiltIn'. The custom keyword is used. To select explicitly, and to get rid of this warning, use either 'ArgParserKeywords.Get Length' or 'BuiltIn.Get Length'.</msg>
<msg level="WARN" timestamp="20160413 12:18:12.757">Keyword 'Get Length' found both from a custom test library 'ArgParserKeywords' and a standard library 'BuiltIn'. The custom keyword is used. To select explicitly, and to get rid of this warning, use either 'ArgParserKeywords.Get Length' or 'BuiltIn.Get Length'.</msg>
<msg level="WARN" timestamp="20160413 12:18:12.555">Keyword 'Get Length' found both from a custom test library 'ArgParserKeywords' and a standard library 'BuiltIn'. The custom keyword is used. To select explicitly, and to get rid of this warning, use either 'ArgParserKeywords.Get Length' or 'BuiltIn.Get Length'.</msg>
<msg level="WARN" timestamp="20160413 12:18:12.757">Keyword 'Get Length' found both from a custom test library 'ArgParserKeywords' and a standard library 'BuiltIn'. The custom keyword is used. To select explicitly, and to get rid of this warning, use either 'ArgParserKeywords.Get Length' or 'BuiltIn.Get Length'.</msg>
<msg level="WARN" timestamp="20160413 12:18:12.835">Keyword 'Get Length' found both from a custom test library 'ArgParserKeywords' and a standard library 'BuiltIn'. The custom keyword is used. To select explicitly, and to get rid of this warning, use either 'ArgParserKeywords.Get Length' or 'BuiltIn.Get Length'.</msg>
<msg level="WARN" timestamp="20160413 12:18:12.555">Keyword 'Get Length' found both from a custom test library 'ArgParserKeywords' and a standard library 'BuiltIn'. The custom keyword is used. To select explicitly, and to get rid of this warning, use either 'ArgParserKeywords.Get Length' or 'BuiltIn.Get Length'.</msg>
<msg level="WARN" timestamp="20160413 12:18:12.757">Keyword 'Get Length' found both from a custom test library 'ArgParserKeywords' and a standard library 'BuiltIn'. The custom keyword is used. To select explicitly, and to get rid of this warning, use either 'ArgParserKeywords.Get Length' or 'BuiltIn.Get Length'.</msg>
<msg level="WARN" timestamp="20160413 12:18:12.835">Keyword 'Get Length' found both from a custom test library 'ArgParserKeywords' and a standard library 'BuiltIn'. The custom keyword is used. To select explicitly, and to get rid of this warning, use either 'ArgParserKeywords.Get Length' or 'BuiltIn.Get Length'.</msg>
<msg level="WARN" timestamp="20160413 12:18:12.913">Keyword 'Get Length' found both from a custom test library 'ArgParserKeywords' and a standard library 'BuiltIn'. The custom keyword is used. To select explicitly, and to get rid of this warning, use either 'ArgParserKeywords.Get Length' or 'BuiltIn.Get Length'.</msg>
<msg level="WARN" timestamp="20160413 12:18:12.555">Keyword 'Get Length' found both from a custom test library 'ArgParserKeywords' and a standard library 'BuiltIn'. The custom keyword is used. To select explicitly, and to get rid of this warning, use either 'ArgParserKeywords.Get Length' or 'BuiltIn.Get Length'.</msg>
<msg level="WARN" timestamp="20160413 12:18:12.757">Keyword 'Get Length' found both from a custom test library 'ArgParserKeywords' and a standard library 'BuiltIn'. The custom keyword is used. To select explicitly, and to get rid of this warning, use either 'ArgParserKeywords.Get Length' or 'BuiltIn.Get Length'.</msg>
<msg level="WARN" timestamp="20160413 12:18:12.835">Keyword 'Get Length' found both from a custom test library 'ArgParserKeywords' and a standard library 'BuiltIn'. The custom keyword is used. To select explicitly, and to get rid of this warning, use either 'ArgParserKeywords.Get Length' or 'BuiltIn.Get Length'.</msg>
<msg level="WARN" timestamp="20160413 12:18:12.913">Keyword 'Get Length' found both from a custom test library 'ArgParserKeywords' and a standard library 'BuiltIn'. The custom keyword is used. To select explicitly, and to get rid of this warning, use either 'ArgParserKeywords.Get Length' or 'BuiltIn.Get Length'.</msg>
<msg level="WARN" timestamp="20160413 12:18:12.991">Keyword 'Get Length' found both from a custom test library 'ArgParserKeywords' and a standard library 'BuiltIn'. The custom keyword is used. To select explicitly, and to get rid of this warning, use either 'ArgParserKeywords.Get Length' or 'BuiltIn.Get Length'.</msg>
<msg level="WARN" timestamp="20160413 12:18:12.555">Keyword 'Get Length' found both from a custom test library 'ArgParserKeywords' and a standard library 'BuiltIn'. The custom keyword is used. To select explicitly, and to get rid of this warning, use either 'ArgParserKeywords.Get Length' or 'BuiltIn.Get Length'.</msg>
<msg level="WARN" timestamp="20160413 12:18:12.757">Keyword 'Get Length' found both from a custom test library 'ArgParserKeywords' and a standard library 'BuiltIn'. The custom keyword is used. To select explicitly, and to get rid of this warning, use either 'ArgParserKeywords.Get Length' or 'BuiltIn.Get Length'.</msg>
<msg level="WARN" timestamp="20160413 12:18:12.835">Keyword 'Get Length' found both from a custom test library 'ArgParserKeywords' and a standard library 'BuiltIn'. The custom keyword is used. To select explicitly, and to get rid of this warning, use either 'ArgParserKeywords.Get Length' or 'BuiltIn.Get Length'.</msg>
<msg level="WARN" timestamp="20160413 12:18:12.913">Keyword 'Get Length' found both from a custom test library 'ArgParserKeywords' and a standard library 'BuiltIn'. The custom keyword is used. To select explicitly, and to get rid of this warning, use either 'ArgParserKeywords.Get Length' or 'BuiltIn.Get Length'.</msg>
<msg level="WARN" timestamp="20160413 12:18:12.991">Keyword 'Get Length' found both from a custom test library 'ArgParserKeywords' and a standard library 'BuiltIn'. The custom keyword is used. To select explicitly, and to get rid of this warning, use either 'ArgParserKeywords.Get Length' or 'BuiltIn.Get Length'.</msg>
<msg level="WARN" timestamp="20160413 12:18:13.116">Keyword 'Get Length' found both from a custom test library 'ArgParserKeywords' and a standard library 'BuiltIn'. The custom keyword is used. To select explicitly, and to get rid of this warning, use either 'ArgParserKeywords.Get Length' or 'BuiltIn.Get Length'.</msg>
</errors>
</robot>
