<?xml version="1.0" encoding="UTF-8"?>
<robot generator="Robot 2.9 (Jython 2.7.0 on java1.8.0_60)" generated="20160211 16:04:16.918">
<suite source="C:\Users\Owner\Desktop\CS310\ArgParse\ArgParse\acceptance\ArgParserTest.txt" name="ArgParserTest" id="s1">
<test name="Test Volume Calculator Normal Function" id="s1-t1">
<kw library="ArgParserKeywords" name="Start Volume Calculator With Arguments">
<arguments>
<arg>7</arg>
<arg>5</arg>
<arg>2</arg>
</arguments>
<status endtime="20160211 16:04:17.355" starttime="20160211 16:04:17.340" status="PASS"></status>
</kw>
<kw library="ArgParserKeywords" name="Get Length">
<assign>
<var>${length}</var>
</assign>
<msg level="WARN" timestamp="20160211 16:04:17.355">Keyword 'Get Length' found both from a custom test library 'ArgParserKeywords' and a standard library 'BuiltIn'. The custom keyword is used. To select explicitly, and to get rid of this warning, use either 'ArgParserKeywords.Get Length' or 'BuiltIn.Get Length'.</msg>
<msg level="INFO" timestamp="20160211 16:04:17.355">${length} = 7</msg>
<status endtime="20160211 16:04:17.355" starttime="20160211 16:04:17.355" status="PASS"></status>
</kw>
<kw library="BuiltIn" name="Should Be Equal">
<doc>Fails if the given objects are unequal.</doc>
<arguments>
<arg>7</arg>
<arg>${length}</arg>
</arguments>
<status endtime="20160211 16:04:17.371" starttime="20160211 16:04:17.355" status="PASS"></status>
</kw>
<kw library="ArgParserKeywords" name="Get Width">
<assign>
<var>${width}</var>
</assign>
<msg level="INFO" timestamp="20160211 16:04:17.371">${width} = 5</msg>
<status endtime="20160211 16:04:17.371" starttime="20160211 16:04:17.371" status="PASS"></status>
</kw>
<kw library="BuiltIn" name="Should Be Equal">
<doc>Fails if the given objects are unequal.</doc>
<arguments>
<arg>5</arg>
<arg>${width}</arg>
</arguments>
<status endtime="20160211 16:04:17.371" starttime="20160211 16:04:17.371" status="PASS"></status>
</kw>
<kw library="ArgParserKeywords" name="Get Height">
<assign>
<var>${height}</var>
</assign>
<msg level="INFO" timestamp="20160211 16:04:17.386">${height} = 2</msg>
<status endtime="20160211 16:04:17.386" starttime="20160211 16:04:17.386" status="PASS"></status>
</kw>
<kw library="BuiltIn" name="Should Be Equal">
<doc>Fails if the given objects are unequal.</doc>
<arguments>
<arg>2</arg>
<arg>${height}</arg>
</arguments>
<status endtime="20160211 16:04:17.386" starttime="20160211 16:04:17.386" status="PASS"></status>
</kw>
<kw library="ArgParserKeywords" name="Get Program Output">
<assign>
<var>${output}</var>
</assign>
<msg level="INFO" timestamp="20160211 16:04:17.402">${output} = 70</msg>
<status endtime="20160211 16:04:17.402" starttime="20160211 16:04:17.386" status="PASS"></status>
</kw>
<kw library="BuiltIn" name="Should Be Equal">
<doc>Fails if the given objects are unequal.</doc>
<arguments>
<arg>${output}</arg>
<arg>70</arg>
</arguments>
<status endtime="20160211 16:04:17.402" starttime="20160211 16:04:17.402" status="PASS"></status>
</kw>
<status critical="yes" endtime="20160211 16:04:17.402" starttime="20160211 16:04:17.340" status="PASS"></status>
</test>
<test name="Test Unrecognized Argument" id="s1-t2">
<kw library="ArgParserKeywords" name="Start Volume Calculator With Arguments">
<arguments>
<arg>7</arg>
<arg>5</arg>
<arg>2</arg>
<arg>43</arg>
</arguments>
<status endtime="20160211 16:04:17.418" starttime="20160211 16:04:17.418" status="PASS"></status>
</kw>
<kw library="ArgParserKeywords" name="Get Program Output">
<assign>
<var>${output}</var>
</assign>
<msg level="INFO" timestamp="20160211 16:04:17.418">${output} = usage: java VolumeCalculator length width height
VolumeCalculator.java: error: unrecognized arguments: 43</msg>
<status endtime="20160211 16:04:17.418" starttime="20160211 16:04:17.418" status="PASS"></status>
</kw>
<kw library="BuiltIn" name="Should Be Equal">
<doc>Fails if the given objects are unequal.</doc>
<arguments>
<arg>${expected}</arg>
<arg>${output}</arg>
</arguments>
<status endtime="20160211 16:04:17.433" starttime="20160211 16:04:17.418" status="PASS"></status>
</kw>
<status critical="yes" endtime="20160211 16:04:17.433" starttime="20160211 16:04:17.402" status="PASS"></status>
</test>
<test name="Test Absurd Program Normal Function" id="s1-t3">
<kw library="ArgParserKeywords" name="Start Absurd Program With Arguments">
<arguments>
<arg>dog</arg>
<arg>2</arg>
<arg>true</arg>
<arg>3.5</arg>
</arguments>
<status endtime="20160211 16:04:17.449" starttime="20160211 16:04:17.433" status="PASS"></status>
</kw>
<kw library="ArgParserKeywords" name="Get Pet">
<assign>
<var>${pet}</var>
</assign>
<msg level="INFO" timestamp="20160211 16:04:17.449">${pet} = dog</msg>
<status endtime="20160211 16:04:17.449" starttime="20160211 16:04:17.449" status="PASS"></status>
</kw>
<kw library="BuiltIn" name="Should Be Equal">
<doc>Fails if the given objects are unequal.</doc>
<arguments>
<arg>dog</arg>
<arg>${pet}</arg>
</arguments>
<status endtime="20160211 16:04:17.449" starttime="20160211 16:04:17.449" status="PASS"></status>
</kw>
<kw library="ArgParserKeywords" name="Get Number">
<assign>
<var>${number}</var>
</assign>
<msg level="INFO" timestamp="20160211 16:04:17.464">${number} = 2</msg>
<status endtime="20160211 16:04:17.464" starttime="20160211 16:04:17.464" status="PASS"></status>
</kw>
<kw library="BuiltIn" name="Should Be Equal">
<doc>Fails if the given objects are unequal.</doc>
<arguments>
<arg>2</arg>
<arg>${number}</arg>
</arguments>
<status endtime="20160211 16:04:17.464" starttime="20160211 16:04:17.464" status="PASS"></status>
</kw>
<kw library="ArgParserKeywords" name="Get Rainy">
<assign>
<var>${rainy}</var>
</assign>
<msg level="INFO" timestamp="20160211 16:04:17.464">${rainy} = true</msg>
<status endtime="20160211 16:04:17.464" starttime="20160211 16:04:17.464" status="PASS"></status>
</kw>
<kw library="BuiltIn" name="Should Be Equal">
<doc>Fails if the given objects are unequal.</doc>
<arguments>
<arg>true</arg>
<arg>${rainy}</arg>
</arguments>
<status endtime="20160211 16:04:17.480" starttime="20160211 16:04:17.480" status="PASS"></status>
</kw>
<kw library="ArgParserKeywords" name="Get Bathrooms">
<assign>
<var>${bathrooms}</var>
</assign>
<msg level="INFO" timestamp="20160211 16:04:17.480">${bathrooms} = 3.5</msg>
<status endtime="20160211 16:04:17.480" starttime="20160211 16:04:17.480" status="PASS"></status>
</kw>
<kw library="BuiltIn" name="Should Be Equal">
<doc>Fails if the given objects are unequal.</doc>
<arguments>
<arg>3.5</arg>
<arg>${bathrooms}</arg>
</arguments>
<status endtime="20160211 16:04:17.480" starttime="20160211 16:04:17.480" status="PASS"></status>
</kw>
<status critical="yes" endtime="20160211 16:04:17.496" starttime="20160211 16:04:17.433" status="PASS"></status>
</test>
<test name="Test Usage Message" id="s1-t4">
<kw library="ArgParserKeywords" name="Start Program With Arguments">
<arguments>
<arg>-h</arg>
</arguments>
<msg level="FAIL" timestamp="20160211 16:04:17.511">ArrayIndexOutOfBoundsException: -1</msg>
<status endtime="20160211 16:04:17.511" starttime="20160211 16:04:17.496" status="FAIL"></status>
</kw>
<status critical="yes" endtime="20160211 16:04:17.511" starttime="20160211 16:04:17.496" status="FAIL">ArrayIndexOutOfBoundsException: -1</status>
</test>
<status endtime="20160211 16:04:17.511" starttime="20160211 16:04:16.934" status="FAIL"></status>
</suite>
<statistics>
<total>
<stat pass="3" fail="1">Critical Tests</stat>
<stat pass="3" fail="1">All Tests</stat>
</total>
<tag>
</tag>
<suite>
<stat pass="3" fail="1" name="ArgParserTest" id="s1">ArgParserTest</stat>
</suite>
</statistics>
<errors>
<msg level="WARN" timestamp="20160211 16:04:17.355">Keyword 'Get Length' found both from a custom test library 'ArgParserKeywords' and a standard library 'BuiltIn'. The custom keyword is used. To select explicitly, and to get rid of this warning, use either 'ArgParserKeywords.Get Length' or 'BuiltIn.Get Length'.</msg>
</errors>
</robot>
